This is pdfTeX, Version 3.14159265-2.6-1.40.20 (MiKTeX 2.9.7000 64-bit) (preloaded format=pdflatex 2019.4.21)  2 SEP 2019 01:23
entering extended mode
**"c:/Users/Carlos/Desktop/ITBA/3er año/1er cuatri/TC/TP2/Informe/TP2/Informe/Informe.tex"
("c:/Users/Carlos/Desktop/ITBA/3er año/1er cuatri/TC/TP2/Informe/TP2/Informe/Informe.tex"
LaTeX2e <2018-12-01>
(preamble.tex ("C:\Users\Carlos\AppData\Local\Programs\MiKTeX 2.9\tex/latex/koma-script\scrartcl.cls"
Document Class: scrartcl 2019/02/01 v3.26b KOMA-Script document class (article)
("C:\Users\Carlos\AppData\Local\Programs\MiKTeX 2.9\tex/latex/koma-script\scrkbase.sty"
Package: scrkbase 2019/02/01 v3.26b KOMA-Script package (KOMA-Script-dependent basics and keyval usage)
 ("C:\Users\Carlos\AppData\Local\Programs\MiKTeX 2.9\tex/latex/koma-script\scrbase.sty"
Package: scrbase 2019/02/01 v3.26b KOMA-Script package (KOMA-Script-independent basics and keyval usage)
 ("C:\Users\Carlos\AppData\Local\Programs\MiKTeX 2.9\tex/latex/graphics\keyval.sty"
Package: keyval 2014/10/28 v1.15 key=value parser (DPC)
\KV@toks@=\toks14
) ("C:\Users\Carlos\AppData\Local\Programs\MiKTeX 2.9\tex/latex/koma-script\scrlfile.sty"
Package: scrlfile 2019/02/01 v3.26b KOMA-Script package (loading files)
))) ("C:\Users\Carlos\AppData\Local\Programs\MiKTeX 2.9\tex/latex/koma-script\tocbasic.sty"
Package: tocbasic 2019/02/01 v3.26b KOMA-Script package (handling toc-files)
\scr@dte@tocline@numberwidth=\skip41
\scr@dte@tocline@numbox=\box27
)
Package tocbasic Info: omitting babel extension for `toc'
(tocbasic)             because of feature `nobabel' available
(tocbasic)             for `toc' on input line 134.
Class scrartcl Info: File `scrsize11pt.clo' used to setup font sizes on input line 2162.
 ("C:\Users\Carlos\AppData\Local\Programs\MiKTeX 2.9\tex/latex/koma-script\scrsize11pt.clo"
File: scrsize11pt.clo 2019/02/01 v3.26b KOMA-Script font size class option (11pt)
) ("C:\Users\Carlos\AppData\Local\Programs\MiKTeX 2.9\tex/latex/koma-script\typearea.sty"
Package: typearea 2019/02/01 v3.26b KOMA-Script package (type area)
\ta@bcor=\skip42
\ta@div=\count80
\ta@hblk=\skip43
\ta@vblk=\skip44
\ta@temp=\skip45
\footheight=\skip46
Package typearea Info: These are the values describing the layout:
(typearea)             DIV  = 10
(typearea)             BCOR = 0.0pt
(typearea)             \paperwidth      = 597.50793pt
(typearea)              \textwidth      = 418.25555pt
(typearea)              DIV departure   = -6%
(typearea)              \evensidemargin = 17.3562pt
(typearea)              \oddsidemargin  = 17.3562pt
(typearea)             \paperheight     = 845.04694pt
(typearea)              \textheight     = 595.80026pt
(typearea)              \topmargin      = -25.16531pt
(typearea)              \headheight     = 17.0pt
(typearea)              \headsep        = 20.40001pt
(typearea)              \topskip        = 11.0pt
(typearea)              \footskip       = 47.6pt
(typearea)              \baselineskip   = 13.6pt
(typearea)              on input line 1715.
)
\c@part=\count81
\c@section=\count82
\c@subsection=\count83
\c@subsubsection=\count84
\c@paragraph=\count85
\c@subparagraph=\count86
\scr@dte@section@maxnumwidth=\skip47
Class scrartcl Info: using compatibility default `runin=bysign'
(scrartcl)           for `\section on input line 4489.
Class scrartcl Info: using compatibility default `afterindent=bysign'
(scrartcl)           for `\section on input line 4489.
\scr@dte@part@maxnumwidth=\skip48
Class scrartcl Info: using compatibility default `afterindent=false'
(scrartcl)           for `\part on input line 4497.
\scr@dte@subsection@maxnumwidth=\skip49
Class scrartcl Info: using compatibility default `runin=bysign'
(scrartcl)           for `\subsection on input line 4507.
Class scrartcl Info: using compatibility default `afterindent=bysign'
(scrartcl)           for `\subsection on input line 4507.
\scr@dte@subsubsection@maxnumwidth=\skip50
Class scrartcl Info: using compatibility default `runin=bysign'
(scrartcl)           for `\subsubsection on input line 4517.
Class scrartcl Info: using compatibility default `afterindent=bysign'
(scrartcl)           for `\subsubsection on input line 4517.
\scr@dte@paragraph@maxnumwidth=\skip51
Class scrartcl Info: using compatibility default `runin=bysign'
(scrartcl)           for `\paragraph on input line 4527.
Class scrartcl Info: using compatibility default `afterindent=bysign'
(scrartcl)           for `\paragraph on input line 4527.
\scr@dte@subparagraph@maxnumwidth=\skip52
Class scrartcl Info: using compatibility default `runin=bysign'
(scrartcl)           for `\subparagraph on input line 4537.
Class scrartcl Info: using compatibility default `afterindent=bysign'
(scrartcl)           for `\subparagraph on input line 4537.
\abovecaptionskip=\skip53
\belowcaptionskip=\skip54
\c@pti@nb@sid@b@x=\box28
Package tocbasic Info: omitting babel extension for `lof'
(tocbasic)             because of feature `nobabel' available
(tocbasic)             for `lof' on input line 5781.
\scr@dte@figure@maxnumwidth=\skip55
\c@figure=\count87
Package tocbasic Info: omitting babel extension for `lot'
(tocbasic)             because of feature `nobabel' available
(tocbasic)             for `lot' on input line 5793.
\scr@dte@table@maxnumwidth=\skip56
\c@table=\count88
Class scrartcl Info: Redefining `\numberline' on input line 5957.
\bibindent=\dimen102
) ("C:\Users\Carlos\AppData\Local\Programs\MiKTeX 2.9\tex/latex/base\fontenc.sty"
Package: fontenc 2018/08/11 v2.0j Standard LaTeX package
 ("C:\Users\Carlos\AppData\Local\Programs\MiKTeX 2.9\tex/latex/base\t1enc.def"
File: t1enc.def 2018/08/11 v2.0j Standard LaTeX file
LaTeX Font Info:    Redeclaring font encoding T1 on input line 48.
)) ("C:\Users\Carlos\AppData\Local\Programs\MiKTeX 2.9\tex/latex/lm\lmodern.sty"
Package: lmodern 2009/10/30 v1.6 Latin Modern Fonts
LaTeX Font Info:    Overwriting symbol font `operators' in version `normal'
(Font)                  OT1/cmr/m/n --> OT1/lmr/m/n on input line 22.
LaTeX Font Info:    Overwriting symbol font `letters' in version `normal'
(Font)                  OML/cmm/m/it --> OML/lmm/m/it on input line 23.
LaTeX Font Info:    Overwriting symbol font `symbols' in version `normal'
(Font)                  OMS/cmsy/m/n --> OMS/lmsy/m/n on input line 24.
LaTeX Font Info:    Overwriting symbol font `largesymbols' in version `normal'
(Font)                  OMX/cmex/m/n --> OMX/lmex/m/n on input line 25.
LaTeX Font Info:    Overwriting symbol font `operators' in version `bold'
(Font)                  OT1/cmr/bx/n --> OT1/lmr/bx/n on input line 26.
LaTeX Font Info:    Overwriting symbol font `letters' in version `bold'
(Font)                  OML/cmm/b/it --> OML/lmm/b/it on input line 27.
LaTeX Font Info:    Overwriting symbol font `symbols' in version `bold'
(Font)                  OMS/cmsy/b/n --> OMS/lmsy/b/n on input line 28.
LaTeX Font Info:    Overwriting symbol font `largesymbols' in version `bold'
(Font)                  OMX/cmex/m/n --> OMX/lmex/m/n on input line 29.
LaTeX Font Info:    Overwriting math alphabet `\mathbf' in version `normal'
(Font)                  OT1/cmr/bx/n --> OT1/lmr/bx/n on input line 31.
LaTeX Font Info:    Overwriting math alphabet `\mathsf' in version `normal'
(Font)                  OT1/cmss/m/n --> OT1/lmss/m/n on input line 32.
LaTeX Font Info:    Overwriting math alphabet `\mathit' in version `normal'
(Font)                  OT1/cmr/m/it --> OT1/lmr/m/it on input line 33.
LaTeX Font Info:    Overwriting math alphabet `\mathtt' in version `normal'
(Font)                  OT1/cmtt/m/n --> OT1/lmtt/m/n on input line 34.
LaTeX Font Info:    Overwriting math alphabet `\mathbf' in version `bold'
(Font)                  OT1/cmr/bx/n --> OT1/lmr/bx/n on input line 35.
LaTeX Font Info:    Overwriting math alphabet `\mathsf' in version `bold'
(Font)                  OT1/cmss/bx/n --> OT1/lmss/bx/n on input line 36.
LaTeX Font Info:    Overwriting math alphabet `\mathit' in version `bold'
(Font)                  OT1/cmr/bx/it --> OT1/lmr/bx/it on input line 37.
LaTeX Font Info:    Overwriting math alphabet `\mathtt' in version `bold'
(Font)                  OT1/cmtt/m/n --> OT1/lmtt/m/n on input line 38.
) ("C:\Users\Carlos\AppData\Local\Programs\MiKTeX 2.9\tex/latex/fourier\fourier.sty"
Package: fourier 2005/01/01 1.4 fourier-GUTenberg package
Now handling font encoding FML ...
... no UTF-8 mapping file for font encoding FML
Now handling font encoding FMS ...
... no UTF-8 mapping file for font encoding FMS
Now handling font encoding FMX ...
... no UTF-8 mapping file for font encoding FMX
 ("C:\Users\Carlos\AppData\Local\Programs\MiKTeX 2.9\tex/latex/base\fontenc.sty"
Package: fontenc 2018/08/11 v2.0j Standard LaTeX package
 ("C:\Users\Carlos\AppData\Local\Programs\MiKTeX 2.9\tex/latex/base\t1enc.def"
File: t1enc.def 2018/08/11 v2.0j Standard LaTeX file
LaTeX Font Info:    Redeclaring font encoding T1 on input line 48.
)) ("C:\Users\Carlos\AppData\Local\Programs\MiKTeX 2.9\tex/latex/base\textcomp.sty"
Package: textcomp 2018/08/11 v2.0j Standard LaTeX package
Package textcomp Info: Sub-encoding information:
(textcomp)               5 = only ISO-Adobe without \textcurrency
(textcomp)               4 = 5 + \texteuro
(textcomp)               3 = 4 + \textohm
(textcomp)               2 = 3 + \textestimated + \textcurrency
(textcomp)               1 = TS1 - \textcircled - \t
(textcomp)               0 = TS1 (full)
(textcomp)             Font families with sub-encoding setting implement
(textcomp)             only a restricted character set as indicated.
(textcomp)             Family '?' is the default used for unknown fonts.
(textcomp)             See the documentation for details.
Package textcomp Info: Setting ? sub-encoding to TS1/1 on input line 79.
 ("C:\Users\Carlos\AppData\Local\Programs\MiKTeX 2.9\tex/latex/base\ts1enc.def"
File: ts1enc.def 2001/06/05 v3.0e (jk/car/fm) Standard LaTeX file
Now handling font encoding TS1 ...
... processing UTF-8 mapping file for font encoding TS1
 ("C:\Users\Carlos\AppData\Local\Programs\MiKTeX 2.9\tex/latex/base\ts1enc.dfu"
File: ts1enc.dfu 2018/10/05 v1.2f UTF-8 support for inputenc
   defining Unicode char U+00A2 (decimal 162)
   defining Unicode char U+00A3 (decimal 163)
   defining Unicode char U+00A4 (decimal 164)
   defining Unicode char U+00A5 (decimal 165)
   defining Unicode char U+00A6 (decimal 166)
   defining Unicode char U+00A7 (decimal 167)
   defining Unicode char U+00A8 (decimal 168)
   defining Unicode char U+00A9 (decimal 169)
   defining Unicode char U+00AA (decimal 170)
   defining Unicode char U+00AC (decimal 172)
   defining Unicode char U+00AE (decimal 174)
   defining Unicode char U+00AF (decimal 175)
   defining Unicode char U+00B0 (decimal 176)
   defining Unicode char U+00B1 (decimal 177)
   defining Unicode char U+00B2 (decimal 178)
   defining Unicode char U+00B3 (decimal 179)
   defining Unicode char U+00B4 (decimal 180)
   defining Unicode char U+00B5 (decimal 181)
   defining Unicode char U+00B6 (decimal 182)
   defining Unicode char U+00B7 (decimal 183)
   defining Unicode char U+00B9 (decimal 185)
   defining Unicode char U+00BA (decimal 186)
   defining Unicode char U+00BC (decimal 188)
   defining Unicode char U+00BD (decimal 189)
   defining Unicode char U+00BE (decimal 190)
   defining Unicode char U+00D7 (decimal 215)
   defining Unicode char U+00F7 (decimal 247)
   defining Unicode char U+0192 (decimal 402)
   defining Unicode char U+02C7 (decimal 711)
   defining Unicode char U+02D8 (decimal 728)
   defining Unicode char U+02DD (decimal 733)
   defining Unicode char U+0E3F (decimal 3647)
   defining Unicode char U+2016 (decimal 8214)
   defining Unicode char U+2020 (decimal 8224)
   defining Unicode char U+2021 (decimal 8225)
   defining Unicode char U+2022 (decimal 8226)
   defining Unicode char U+2030 (decimal 8240)
   defining Unicode char U+2031 (decimal 8241)
   defining Unicode char U+203B (decimal 8251)
   defining Unicode char U+203D (decimal 8253)
   defining Unicode char U+2044 (decimal 8260)
   defining Unicode char U+204E (decimal 8270)
   defining Unicode char U+2052 (decimal 8274)
   defining Unicode char U+20A1 (decimal 8353)
   defining Unicode char U+20A4 (decimal 8356)
   defining Unicode char U+20A6 (decimal 8358)
   defining Unicode char U+20A9 (decimal 8361)
   defining Unicode char U+20AB (decimal 8363)
   defining Unicode char U+20AC (decimal 8364)
   defining Unicode char U+20B1 (decimal 8369)
   defining Unicode char U+2103 (decimal 8451)
   defining Unicode char U+2116 (decimal 8470)
   defining Unicode char U+2117 (decimal 8471)
   defining Unicode char U+211E (decimal 8478)
   defining Unicode char U+2120 (decimal 8480)
   defining Unicode char U+2122 (decimal 8482)
   defining Unicode char U+2126 (decimal 8486)
   defining Unicode char U+2127 (decimal 8487)
   defining Unicode char U+212E (decimal 8494)
   defining Unicode char U+2190 (decimal 8592)
   defining Unicode char U+2191 (decimal 8593)
   defining Unicode char U+2192 (decimal 8594)
   defining Unicode char U+2193 (decimal 8595)
   defining Unicode char U+2329 (decimal 9001)
   defining Unicode char U+232A (decimal 9002)
   defining Unicode char U+2422 (decimal 9250)
   defining Unicode char U+25E6 (decimal 9702)
   defining Unicode char U+25EF (decimal 9711)
   defining Unicode char U+266A (decimal 9834)
   defining Unicode char U+FEFF (decimal 65279)
))
LaTeX Info: Redefining \oldstylenums on input line 334.
Package textcomp Info: Setting cmr sub-encoding to TS1/0 on input line 349.
Package textcomp Info: Setting cmss sub-encoding to TS1/0 on input line 350.
Package textcomp Info: Setting cmtt sub-encoding to TS1/0 on input line 351.
Package textcomp Info: Setting cmvtt sub-encoding to TS1/0 on input line 352.
Package textcomp Info: Setting cmbr sub-encoding to TS1/0 on input line 353.
Package textcomp Info: Setting cmtl sub-encoding to TS1/0 on input line 354.
Package textcomp Info: Setting ccr sub-encoding to TS1/0 on input line 355.
Package textcomp Info: Setting ptm sub-encoding to TS1/4 on input line 356.
Package textcomp Info: Setting pcr sub-encoding to TS1/4 on input line 357.
Package textcomp Info: Setting phv sub-encoding to TS1/4 on input line 358.
Package textcomp Info: Setting ppl sub-encoding to TS1/3 on input line 359.
Package textcomp Info: Setting pag sub-encoding to TS1/4 on input line 360.
Package textcomp Info: Setting pbk sub-encoding to TS1/4 on input line 361.
Package textcomp Info: Setting pnc sub-encoding to TS1/4 on input line 362.
Package textcomp Info: Setting pzc sub-encoding to TS1/4 on input line 363.
Package textcomp Info: Setting bch sub-encoding to TS1/4 on input line 364.
Package textcomp Info: Setting put sub-encoding to TS1/5 on input line 365.
Package textcomp Info: Setting uag sub-encoding to TS1/5 on input line 366.
Package textcomp Info: Setting ugq sub-encoding to TS1/5 on input line 367.
Package textcomp Info: Setting ul8 sub-encoding to TS1/4 on input line 368.
Package textcomp Info: Setting ul9 sub-encoding to TS1/4 on input line 369.
Package textcomp Info: Setting augie sub-encoding to TS1/5 on input line 370.
Package textcomp Info: Setting dayrom sub-encoding to TS1/3 on input line 371.
Package textcomp Info: Setting dayroms sub-encoding to TS1/3 on input line 372.
Package textcomp Info: Setting pxr sub-encoding to TS1/0 on input line 373.
Package textcomp Info: Setting pxss sub-encoding to TS1/0 on input line 374.
Package textcomp Info: Setting pxtt sub-encoding to TS1/0 on input line 375.
Package textcomp Info: Setting txr sub-encoding to TS1/0 on input line 376.
Package textcomp Info: Setting txss sub-encoding to TS1/0 on input line 377.
Package textcomp Info: Setting txtt sub-encoding to TS1/0 on input line 378.
Package textcomp Info: Setting lmr sub-encoding to TS1/0 on input line 379.
Package textcomp Info: Setting lmdh sub-encoding to TS1/0 on input line 380.
Package textcomp Info: Setting lmss sub-encoding to TS1/0 on input line 381.
Package textcomp Info: Setting lmssq sub-encoding to TS1/0 on input line 382.
Package textcomp Info: Setting lmvtt sub-encoding to TS1/0 on input line 383.
Package textcomp Info: Setting lmtt sub-encoding to TS1/0 on input line 384.
Package textcomp Info: Setting qhv sub-encoding to TS1/0 on input line 385.
Package textcomp Info: Setting qag sub-encoding to TS1/0 on input line 386.
Package textcomp Info: Setting qbk sub-encoding to TS1/0 on input line 387.
Package textcomp Info: Setting qcr sub-encoding to TS1/0 on input line 388.
Package textcomp Info: Setting qcs sub-encoding to TS1/0 on input line 389.
Package textcomp Info: Setting qpl sub-encoding to TS1/0 on input line 390.
Package textcomp Info: Setting qtm sub-encoding to TS1/0 on input line 391.
Package textcomp Info: Setting qzc sub-encoding to TS1/0 on input line 392.
Package textcomp Info: Setting qhvc sub-encoding to TS1/0 on input line 393.
Package textcomp Info: Setting futs sub-encoding to TS1/4 on input line 394.
Package textcomp Info: Setting futx sub-encoding to TS1/4 on input line 395.
Package textcomp Info: Setting futj sub-encoding to TS1/4 on input line 396.
Package textcomp Info: Setting hlh sub-encoding to TS1/3 on input line 397.
Package textcomp Info: Setting hls sub-encoding to TS1/3 on input line 398.
Package textcomp Info: Setting hlst sub-encoding to TS1/3 on input line 399.
Package textcomp Info: Setting hlct sub-encoding to TS1/5 on input line 400.
Package textcomp Info: Setting hlx sub-encoding to TS1/5 on input line 401.
Package textcomp Info: Setting hlce sub-encoding to TS1/5 on input line 402.
Package textcomp Info: Setting hlcn sub-encoding to TS1/5 on input line 403.
Package textcomp Info: Setting hlcw sub-encoding to TS1/5 on input line 404.
Package textcomp Info: Setting hlcf sub-encoding to TS1/5 on input line 405.
Package textcomp Info: Setting pplx sub-encoding to TS1/3 on input line 406.
Package textcomp Info: Setting pplj sub-encoding to TS1/3 on input line 407.
Package textcomp Info: Setting ptmx sub-encoding to TS1/4 on input line 408.
Package textcomp Info: Setting ptmj sub-encoding to TS1/4 on input line 409.
) ("C:\Users\Carlos\AppData\Local\Programs\MiKTeX 2.9\tex/latex/fourier\fourier-orns.sty"
Package: fourier-orns 2004/01/30 1.1 fourier-ornaments package
)
LaTeX Font Info:    Redeclaring symbol font `operators' on input line 50.
LaTeX Font Info:    Encoding `OT1' has changed to `T1' for symbol font
(Font)              `operators' in the math version `normal' on input line 50.
LaTeX Font Info:    Overwriting symbol font `operators' in version `normal'
(Font)                  OT1/lmr/m/n --> T1/futs/m/n on input line 50.
LaTeX Font Info:    Encoding `OT1' has changed to `T1' for symbol font
(Font)              `operators' in the math version `bold' on input line 50.
LaTeX Font Info:    Overwriting symbol font `operators' in version `bold'
(Font)                  OT1/lmr/bx/n --> T1/futs/m/n on input line 50.
LaTeX Font Info:    Overwriting symbol font `operators' in version `bold'
(Font)                  T1/futs/m/n --> T1/futs/b/n on input line 51.
LaTeX Font Info:    Redeclaring symbol font `letters' on input line 59.
LaTeX Font Info:    Encoding `OML' has changed to `FML' for symbol font
(Font)              `letters' in the math version `normal' on input line 59.
LaTeX Font Info:    Overwriting symbol font `letters' in version `normal'
(Font)                  OML/lmm/m/it --> FML/futmi/m/it on input line 59.
LaTeX Font Info:    Encoding `OML' has changed to `FML' for symbol font
(Font)              `letters' in the math version `bold' on input line 59.
LaTeX Font Info:    Overwriting symbol font `letters' in version `bold'
(Font)                  OML/lmm/b/it --> FML/futmi/m/it on input line 59.
\symotherletters=\mathgroup4
LaTeX Font Info:    Overwriting symbol font `letters' in version `bold'
(Font)                  FML/futmi/m/it --> FML/futmi/b/it on input line 61.
LaTeX Font Info:    Overwriting symbol font `otherletters' in version `bold'
(Font)                  FML/futm/m/it --> FML/futm/b/it on input line 62.
LaTeX Font Info:    Redeclaring math symbol \Gamma on input line 63.
LaTeX Font Info:    Redeclaring math symbol \Delta on input line 64.
LaTeX Font Info:    Redeclaring math symbol \Theta on input line 65.
LaTeX Font Info:    Redeclaring math symbol \Lambda on input line 66.
LaTeX Font Info:    Redeclaring math symbol \Xi on input line 67.
LaTeX Font Info:    Redeclaring math symbol \Pi on input line 68.
LaTeX Font Info:    Redeclaring math symbol \Sigma on input line 69.
LaTeX Font Info:    Redeclaring math symbol \Upsilon on input line 70.
LaTeX Font Info:    Redeclaring math symbol \Phi on input line 71.
LaTeX Font Info:    Redeclaring math symbol \Psi on input line 72.
LaTeX Font Info:    Redeclaring math symbol \Omega on input line 73.
LaTeX Font Info:    Redeclaring symbol font `symbols' on input line 113.
LaTeX Font Info:    Encoding `OMS' has changed to `FMS' for symbol font
(Font)              `symbols' in the math version `normal' on input line 113.
LaTeX Font Info:    Overwriting symbol font `symbols' in version `normal'
(Font)                  OMS/lmsy/m/n --> FMS/futm/m/n on input line 113.
LaTeX Font Info:    Encoding `OMS' has changed to `FMS' for symbol font
(Font)              `symbols' in the math version `bold' on input line 113.
LaTeX Font Info:    Overwriting symbol font `symbols' in version `bold'
(Font)                  OMS/lmsy/b/n --> FMS/futm/m/n on input line 113.
LaTeX Font Info:    Redeclaring symbol font `largesymbols' on input line 114.
LaTeX Font Info:    Encoding `OMX' has changed to `FMX' for symbol font
(Font)              `largesymbols' in the math version `normal' on input line 114.
LaTeX Font Info:    Overwriting symbol font `largesymbols' in version `normal'
(Font)                  OMX/lmex/m/n --> FMX/futm/m/n on input line 114.
LaTeX Font Info:    Encoding `OMX' has changed to `FMX' for symbol font
(Font)              `largesymbols' in the math version `bold' on input line 114.
LaTeX Font Info:    Overwriting symbol font `largesymbols' in version `bold'
(Font)                  OMX/lmex/m/n --> FMX/futm/m/n on input line 114.
LaTeX Font Info:    Redeclaring math alphabet \mathbf on input line 115.
LaTeX Font Info:    Overwriting math alphabet `\mathbf' in version `normal'
(Font)                  OT1/lmr/bx/n --> T1/futs/bx/n on input line 115.
LaTeX Font Info:    Overwriting math alphabet `\mathbf' in version `bold'
(Font)                  OT1/lmr/bx/n --> T1/futs/bx/n on input line 115.
LaTeX Font Info:    Redeclaring math alphabet \mathrm on input line 116.
LaTeX Font Info:    Redeclaring math alphabet \mathit on input line 117.
LaTeX Font Info:    Overwriting math alphabet `\mathit' in version `normal'
(Font)                  OT1/lmr/m/it --> T1/futs/m/it on input line 117.
LaTeX Font Info:    Overwriting math alphabet `\mathit' in version `bold'
(Font)                  OT1/lmr/bx/it --> T1/futs/m/it on input line 117.
LaTeX Font Info:    Redeclaring math alphabet \mathcal on input line 118.
LaTeX Font Info:    Redeclaring math symbol \parallel on input line 134.
LaTeX Font Info:    Redeclaring math symbol \hbar on input line 148.
LaTeX Font Info:    Redeclaring math symbol \varkappa on input line 186.
LaTeX Font Info:    Redeclaring math symbol \varvarrho on input line 187.
LaTeX Font Info:    Redeclaring math delimiter \Vert on input line 210.
LaTeX Font Info:    Redeclaring math delimiter \vert on input line 215.
LaTeX Font Info:    Redeclaring math delimiter \Downarrow on input line 225.
LaTeX Font Info:    Redeclaring math delimiter \backslash on input line 227.
LaTeX Font Info:    Redeclaring math delimiter \rangle on input line 229.
LaTeX Font Info:    Redeclaring math delimiter \langle on input line 231.
LaTeX Font Info:    Redeclaring math delimiter \rbrace on input line 233.
LaTeX Font Info:    Redeclaring math delimiter \lbrace on input line 235.
LaTeX Font Info:    Redeclaring math delimiter \rceil on input line 237.
LaTeX Font Info:    Redeclaring math delimiter \lceil on input line 239.
LaTeX Font Info:    Redeclaring math delimiter \rfloor on input line 241.
LaTeX Font Info:    Redeclaring math delimiter \lfloor on input line 243.
LaTeX Font Info:    Redeclaring math accent \acute on input line 247.
LaTeX Font Info:    Redeclaring math accent \grave on input line 248.
LaTeX Font Info:    Redeclaring math accent \ddot on input line 249.
LaTeX Font Info:    Redeclaring math accent \tilde on input line 250.
LaTeX Font Info:    Redeclaring math accent \bar on input line 251.
LaTeX Font Info:    Redeclaring math accent \breve on input line 252.
LaTeX Font Info:    Redeclaring math accent \check on input line 253.
LaTeX Font Info:    Redeclaring math accent \hat on input line 254.
LaTeX Font Info:    Redeclaring math accent \dot on input line 255.
LaTeX Font Info:    Redeclaring math accent \mathring on input line 256.
\symUfutm=\mathgroup5
) ("C:\Users\Carlos\AppData\Local\Programs\MiKTeX 2.9\tex/latex/base\inputenc.sty"
Package: inputenc 2018/08/11 v1.3c Input encoding file
\inpenc@prehook=\toks15
\inpenc@posthook=\toks16
) ("C:\Users\Carlos\AppData\Local\Programs\MiKTeX 2.9\tex/generic/babel\babel.sty"
Package: babel 2019/04/01 3.28 The Babel package
 ("C:\Users\Carlos\AppData\Local\Programs\MiKTeX 2.9\tex/generic/babel\switch.def"
File: switch.def 2019/04/01 3.28 Babel switching mechanism
)
*************************************
* Local config file bblopts.cfg used
*
("C:\Users\Carlos\AppData\Local\Programs\MiKTeX 2.9\tex/latex/arabi\bblopts.cfg"
File: bblopts.cfg 2005/09/08 v0.1 add Arabic and Farsi to "declared" options of babel
) ("C:\Users\Carlos\AppData\Local\Programs\MiKTeX 2.9\tex/latex/babel-spanish\spanish.ldf"
Language: spanish.ldf 2016/03/03 v5.0p Spanish support from the babel system
 ("C:\Users\Carlos\AppData\Local\Programs\MiKTeX 2.9\tex/generic/babel\babel.def"
File: babel.def 2019/04/01 3.28 Babel common definitions
\babel@savecnt=\count89
\U@D=\dimen103
 ("C:\Users\Carlos\AppData\Local\Programs\MiKTeX 2.9\tex/generic/babel\txtbabel.def")
\bbl@dirlevel=\count90
)
\es@quottoks=\toks17
\es@quotdepth=\count91
Package babel Info: Making " an active character on input line 561.
Package babel Info: Making . an active character on input line 662.
Package babel Info: Making < an active character on input line 707.
Package babel Info: Making > an active character on input line 707.
)) ("C:\Users\Carlos\AppData\Local\Programs\MiKTeX 2.9\tex/latex/microtype\microtype.sty"
Package: microtype 2019/02/28 v2.7b Micro-typographical refinements (RS)
\MT@toks=\toks18
\MT@count=\count92
LaTeX Info: Redefining \textls on input line 790.
\MT@outer@kern=\dimen104
LaTeX Info: Redefining \textmicrotypecontext on input line 1336.
\MT@listname@count=\count93
 ("C:\Users\Carlos\AppData\Local\Programs\MiKTeX 2.9\tex/latex/microtype\microtype-pdftex.def"
File: microtype-pdftex.def 2019/02/28 v2.7b Definitions specific to pdftex (RS)
LaTeX Info: Redefining \lsstyle on input line 914.
LaTeX Info: Redefining \lslig on input line 914.
\MT@outer@space=\skip57
)
Package microtype Info: Loading configuration file microtype.cfg.
 ("C:\Users\Carlos\AppData\Local\Programs\MiKTeX 2.9\tex/latex/microtype\microtype.cfg"
File: microtype.cfg 2019/02/28 v2.7b microtype main configuration file (RS)
)) ("C:\Users\Carlos\AppData\Local\Programs\MiKTeX 2.9\tex/latex/amsmath\amsmath.sty"
Package: amsmath 2018/12/01 v2.17b AMS math features
\@mathmargin=\skip58

For additional information on amsmath, use the `?' option.
("C:\Users\Carlos\AppData\Local\Programs\MiKTeX 2.9\tex/latex/amsmath\amstext.sty"
Package: amstext 2000/06/29 v2.01 AMS text
 ("C:\Users\Carlos\AppData\Local\Programs\MiKTeX 2.9\tex/latex/amsmath\amsgen.sty"
File: amsgen.sty 1999/11/30 v2.0 generic functions
\@emptytoks=\toks19
\ex@=\dimen105
)) ("C:\Users\Carlos\AppData\Local\Programs\MiKTeX 2.9\tex/latex/amsmath\amsbsy.sty"
Package: amsbsy 1999/11/29 v1.2d Bold Symbols
\pmbraise@=\dimen106
) ("C:\Users\Carlos\AppData\Local\Programs\MiKTeX 2.9\tex/latex/amsmath\amsopn.sty"
Package: amsopn 2016/03/08 v2.02 operator names
)
\inf@bad=\count94
LaTeX Info: Redefining \frac on input line 223.
\uproot@=\count95
\leftroot@=\count96
LaTeX Info: Redefining \overline on input line 385.
\classnum@=\count97
\DOTSCASE@=\count98
LaTeX Info: Redefining \ldots on input line 482.
LaTeX Info: Redefining \dots on input line 485.
LaTeX Info: Redefining \cdots on input line 606.
\Mathstrutbox@=\box29
\strutbox@=\box30
\big@size=\dimen107
LaTeX Font Info:    Redeclaring font encoding OML on input line 729.
LaTeX Font Info:    Redeclaring font encoding OMS on input line 730.
\macc@depth=\count99
\c@MaxMatrixCols=\count100
\dotsspace@=\muskip10
\c@parentequation=\count101
\dspbrk@lvl=\count102
\tag@help=\toks20
\row@=\count103
\column@=\count104
\maxfields@=\count105
\andhelp@=\toks21
\eqnshift@=\dimen108
\alignsep@=\dimen109
\tagshift@=\dimen110
\tagwidth@=\dimen111
\totwidth@=\dimen112
\lineht@=\dimen113
\@envbody=\toks22
\multlinegap=\skip59
\multlinetaggap=\skip60
\mathdisplay@stack=\toks23
LaTeX Info: Redefining \[ on input line 2844.
LaTeX Info: Redefining \] on input line 2845.
) ("C:\Users\Carlos\AppData\Local\Programs\MiKTeX 2.9\tex/latex/amsfonts\amsfonts.sty"
Package: amsfonts 2013/01/14 v3.01 Basic AMSFonts support
\symAMSa=\mathgroup6
\symAMSb=\mathgroup7
LaTeX Font Info:    Overwriting math alphabet `\mathfrak' in version `bold'
(Font)                  U/euf/m/n --> U/euf/b/n on input line 106.
LaTeX Font Info:    Redeclaring math symbol \square on input line 141.
) ("C:\Users\Carlos\AppData\Local\Programs\MiKTeX 2.9\tex/latex/amscls\amsthm.sty"
Package: amsthm 2017/10/31 v2.20.4
\thm@style=\toks24
\thm@bodyfont=\toks25
\thm@headfont=\toks26
\thm@notefont=\toks27
\thm@headpunct=\toks28
\thm@preskip=\skip61
\thm@postskip=\skip62
\thm@headsep=\skip63
\dth@everypar=\toks29
) ("C:\Users\Carlos\AppData\Local\Programs\MiKTeX 2.9\tex/latex/graphics\graphicx.sty"
Package: graphicx 2017/06/01 v1.1a Enhanced LaTeX Graphics (DPC,SPQR)
 ("C:\Users\Carlos\AppData\Local\Programs\MiKTeX 2.9\tex/latex/graphics\graphics.sty"
Package: graphics 2017/06/25 v1.2c Standard LaTeX Graphics (DPC,SPQR)
 ("C:\Users\Carlos\AppData\Local\Programs\MiKTeX 2.9\tex/latex/graphics\trig.sty"
Package: trig 2016/01/03 v1.10 sin cos tan (DPC)
) ("C:\Users\Carlos\AppData\Local\Programs\MiKTeX 2.9\tex/latex/graphics-cfg\graphics.cfg"
File: graphics.cfg 2016/06/04 v1.11 sample graphics configuration
)
Package graphics Info: Driver file: pdftex.def on input line 99.
 ("C:\Users\Carlos\AppData\Local\Programs\MiKTeX 2.9\tex/latex/graphics-def\pdftex.def"
File: pdftex.def 2018/01/08 v1.0l Graphics/color driver for pdftex
))
\Gin@req@height=\dimen114
\Gin@req@width=\dimen115
) ("C:\Users\Carlos\AppData\Local\Programs\MiKTeX 2.9\tex/latex/url\url.sty"
\Urlmuskip=\muskip11
Package: url 2013/09/16  ver 3.4  Verb mode for urls, etc.
) ("C:\Users\Carlos\AppData\Local\Programs\MiKTeX 2.9\tex/latex/import\import.sty"
Package: import 2009/03/23  v 5.1
) ("C:\Users\Carlos\AppData\Local\Programs\MiKTeX 2.9\tex/latex/geometry\geometry.sty"
Package: geometry 2018/04/16 v5.8 Page Geometry
 ("C:\Users\Carlos\AppData\Local\Programs\MiKTeX 2.9\tex/generic/oberdiek\ifpdf.sty"
Package: ifpdf 2018/09/07 v3.3 Provides the ifpdf switch
) ("C:\Users\Carlos\AppData\Local\Programs\MiKTeX 2.9\tex/generic/oberdiek\ifvtex.sty"
Package: ifvtex 2016/05/16 v1.6 Detect VTeX and its facilities (HO)
Package ifvtex Info: VTeX not detected.
) ("C:\Users\Carlos\AppData\Local\Programs\MiKTeX 2.9\tex/generic/ifxetex\ifxetex.sty"
Package: ifxetex 2010/09/12 v0.6 Provides ifxetex conditional
)
\Gm@cnth=\count106
\Gm@cntv=\count107
\c@Gm@tempcnt=\count108
\Gm@bindingoffset=\dimen116
\Gm@wd@mp=\dimen117
\Gm@odd@mp=\dimen118
\Gm@even@mp=\dimen119
\Gm@layoutwidth=\dimen120
\Gm@layoutheight=\dimen121
\Gm@layouthoffset=\dimen122
\Gm@layoutvoffset=\dimen123
\Gm@dimlist=\toks30
 ("C:\Users\Carlos\AppData\Local\Programs\MiKTeX 2.9\tex/latex/geometry\geometry.cfg")) ("C:\Users\Carlos\AppData\Local\Programs\MiKTeX 2.9\tex/latex/sectsty\sectsty.sty"
Package: sectsty 2002/02/25 v2.0.2 Commands to change all sectional heading styles
)

Class scrartcl Warning: Usage of package `fancyhdr' together
(scrartcl)              with a KOMA-Script class is not recommended.
(scrartcl)              I'd suggest to use 
(scrartcl)              package `scrlayer' or `scrlayer-scrpage', because
(scrartcl)              they support KOMA-Script classes.
(scrartcl)              With `fancyhdr' several features of class `scrartcl'
(scrartcl)              like options `headsepline', `footsepline' or command
(scrartcl)              `\MakeMarkcase' and the commands `\setkomafont' and
(scrartcl)              `\addtokomafont' for the page style elements need
(scrartcl)              explicite user intervention to work.
(scrartcl)              Nevertheless, using requested
(scrartcl)              package `fancyhdr' on input line 29.

("C:\Users\Carlos\AppData\Local\Programs\MiKTeX 2.9\tex/latex/fancyhdr\fancyhdr.sty"
Package: fancyhdr 2019/01/31 v3.10 Extensive control of page headers and footers
\f@nch@headwidth=\skip64
\f@nch@O@elh=\skip65
\f@nch@O@erh=\skip66
\f@nch@O@olh=\skip67
\f@nch@O@orh=\skip68
\f@nch@O@elf=\skip69
\f@nch@O@erf=\skip70
\f@nch@O@olf=\skip71
\f@nch@O@orf=\skip72
) ("C:\Users\Carlos\AppData\Local\Programs\MiKTeX 2.9\tex/latex/mathtools\mathtools.sty"
Package: mathtools 2018/01/08 v1.21 mathematical typesetting tools
 ("C:\Users\Carlos\AppData\Local\Programs\MiKTeX 2.9\tex/latex/tools\calc.sty"
Package: calc 2017/05/25 v4.3 Infix arithmetic (KKT,FJ)
\calc@Acount=\count109
\calc@Bcount=\count110
\calc@Adimen=\dimen124
\calc@Bdimen=\dimen125
\calc@Askip=\skip73
\calc@Bskip=\skip74
LaTeX Info: Redefining \setlength on input line 80.
LaTeX Info: Redefining \addtolength on input line 81.
\calc@Ccount=\count111
\calc@Cskip=\skip75
) ("C:\Users\Carlos\AppData\Local\Programs\MiKTeX 2.9\tex/latex/mathtools\mhsetup.sty"
Package: mhsetup 2017/03/31 v1.3 programming setup (MH)
)
LaTeX Info: Thecontrolsequence`\('isalreadyrobust on input line 129.
LaTeX Info: Thecontrolsequence`\)'isalreadyrobust on input line 129.
LaTeX Info: Thecontrolsequence`\['isalreadyrobust on input line 129.
LaTeX Info: Thecontrolsequence`\]'isalreadyrobust on input line 129.
\g_MT_multlinerow_int=\count112
\l_MT_multwidth_dim=\dimen126
\origjot=\skip76
\l_MT_shortvdotswithinadjustabove_dim=\dimen127
\l_MT_shortvdotswithinadjustbelow_dim=\dimen128
\l_MT_above_intertext_sep=\dimen129
\l_MT_below_intertext_sep=\dimen130
\l_MT_above_shortintertext_sep=\dimen131
\l_MT_below_shortintertext_sep=\dimen132
) ("C:\Users\Carlos\AppData\Local\Programs\MiKTeX 2.9\tex/latex/ncctools\nccmath.sty"
Package: nccmath 2006/01/20 v1.3 Additional Math Commands (NCC)
\NCC@fracrulewidth=\dimen133
) ("C:\Users\Carlos\AppData\Local\Programs\MiKTeX 2.9\tex/latex/pgf/frontendlayer\tikz.sty" ("C:\Users\Carlos\AppData\Local\Programs\MiKTeX 2.9\tex/latex/pgf/basiclayer\pgf.sty" ("C:\Users\Carlos\AppData\Local\Programs\MiKTeX 2.9\tex/latex/pgf/utilities\pgfrcs.sty" ("C:\Users\Carlos\AppData\Local\Programs\MiKTeX 2.9\tex/generic/pgf/utilities\pgfutil-common.tex"
\pgfutil@everybye=\toks31
\pgfutil@tempdima=\dimen134
\pgfutil@tempdimb=\dimen135
 ("C:\Users\Carlos\AppData\Local\Programs\MiKTeX 2.9\tex/generic/pgf/utilities\pgfutil-common-lists.tex")) ("C:\Users\Carlos\AppData\Local\Programs\MiKTeX 2.9\tex/generic/pgf/utilities\pgfutil-latex.def"
\pgfutil@abb=\box31
 ("C:\Users\Carlos\AppData\Local\Programs\MiKTeX 2.9\tex/latex/ms\everyshi.sty"
Package: everyshi 2001/05/15 v3.00 EveryShipout Package (MS)
)) ("C:\Users\Carlos\AppData\Local\Programs\MiKTeX 2.9\tex/generic/pgf/utilities\pgfrcs.code.tex" ("C:\Users\Carlos\AppData\Local\Programs\MiKTeX 2.9\tex/generic/pgf\pgf.revision.tex")
Package: pgfrcs 2019/02/02 v3.1.1 (3.1.1)
))
Package: pgf 2019/02/02 v3.1.1 (3.1.1)
 ("C:\Users\Carlos\AppData\Local\Programs\MiKTeX 2.9\tex/latex/pgf/basiclayer\pgfcore.sty" ("C:\Users\Carlos\AppData\Local\Programs\MiKTeX 2.9\tex/latex/pgf/systemlayer\pgfsys.sty" ("C:\Users\Carlos\AppData\Local\Programs\MiKTeX 2.9\tex/generic/pgf/systemlayer\pgfsys.code.tex"
Package: pgfsys 2019/02/02 v3.1.1 (3.1.1)
 ("C:\Users\Carlos\AppData\Local\Programs\MiKTeX 2.9\tex/generic/pgf/utilities\pgfkeys.code.tex"
\pgfkeys@pathtoks=\toks32
\pgfkeys@temptoks=\toks33
 ("C:\Users\Carlos\AppData\Local\Programs\MiKTeX 2.9\tex/generic/pgf/utilities\pgfkeysfiltered.code.tex"
\pgfkeys@tmptoks=\toks34
))
\pgf@x=\dimen136
\pgf@y=\dimen137
\pgf@xa=\dimen138
\pgf@ya=\dimen139
\pgf@xb=\dimen140
\pgf@yb=\dimen141
\pgf@xc=\dimen142
\pgf@yc=\dimen143
\w@pgf@writea=\write3
\r@pgf@reada=\read1
\c@pgf@counta=\count113
\c@pgf@countb=\count114
\c@pgf@countc=\count115
\c@pgf@countd=\count116
\t@pgf@toka=\toks35
\t@pgf@tokb=\toks36
\t@pgf@tokc=\toks37
\pgf@sys@id@count=\count117
 ("C:\Users\Carlos\AppData\Local\Programs\MiKTeX 2.9\tex/generic/pgf/systemlayer\pgf.cfg"
File: pgf.cfg 2019/02/02 v3.1.1 (3.1.1)
)
Driver file for pgf: pgfsys-pdftex.def
 ("C:\Users\Carlos\AppData\Local\Programs\MiKTeX 2.9\tex/generic/pgf/systemlayer\pgfsys-pdftex.def"
File: pgfsys-pdftex.def 2019/02/02 v3.1.1 (3.1.1)
 ("C:\Users\Carlos\AppData\Local\Programs\MiKTeX 2.9\tex/generic/pgf/systemlayer\pgfsys-common-pdf.def"
File: pgfsys-common-pdf.def 2019/02/02 v3.1.1 (3.1.1)
))) ("C:\Users\Carlos\AppData\Local\Programs\MiKTeX 2.9\tex/generic/pgf/systemlayer\pgfsyssoftpath.code.tex"
File: pgfsyssoftpath.code.tex 2019/02/02 v3.1.1 (3.1.1)
\pgfsyssoftpath@smallbuffer@items=\count118
\pgfsyssoftpath@bigbuffer@items=\count119
) ("C:\Users\Carlos\AppData\Local\Programs\MiKTeX 2.9\tex/generic/pgf/systemlayer\pgfsysprotocol.code.tex"
File: pgfsysprotocol.code.tex 2019/02/02 v3.1.1 (3.1.1)
)) ("C:\Users\Carlos\AppData\Local\Programs\MiKTeX 2.9\tex/latex/xcolor\xcolor.sty"
Package: xcolor 2016/05/11 v2.12 LaTeX color extensions (UK)
 ("C:\Users\Carlos\AppData\Local\Programs\MiKTeX 2.9\tex/latex/graphics-cfg\color.cfg"
File: color.cfg 2016/01/02 v1.6 sample color configuration
)
Package xcolor Info: Driver file: pdftex.def on input line 225.
Package xcolor Info: Model `cmy' substituted by `cmy0' on input line 1348.
Package xcolor Info: Model `hsb' substituted by `rgb' on input line 1352.
Package xcolor Info: Model `RGB' extended on input line 1364.
Package xcolor Info: Model `HTML' substituted by `rgb' on input line 1366.
Package xcolor Info: Model `Hsb' substituted by `hsb' on input line 1367.
Package xcolor Info: Model `tHsb' substituted by `hsb' on input line 1368.
Package xcolor Info: Model `HSB' substituted by `hsb' on input line 1369.
Package xcolor Info: Model `Gray' substituted by `gray' on input line 1370.
Package xcolor Info: Model `wave' substituted by `hsb' on input line 1371.
) ("C:\Users\Carlos\AppData\Local\Programs\MiKTeX 2.9\tex/generic/pgf/basiclayer\pgfcore.code.tex"
Package: pgfcore 2019/02/02 v3.1.1 (3.1.1)
 ("C:\Users\Carlos\AppData\Local\Programs\MiKTeX 2.9\tex/generic/pgf/math\pgfmath.code.tex" ("C:\Users\Carlos\AppData\Local\Programs\MiKTeX 2.9\tex/generic/pgf/math\pgfmathcalc.code.tex" ("C:\Users\Carlos\AppData\Local\Programs\MiKTeX 2.9\tex/generic/pgf/math\pgfmathutil.code.tex") ("C:\Users\Carlos\AppData\Local\Programs\MiKTeX 2.9\tex/generic/pgf/math\pgfmathparser.code.tex"
\pgfmath@dimen=\dimen144
\pgfmath@count=\count120
\pgfmath@box=\box32
\pgfmath@toks=\toks38
\pgfmath@stack@operand=\toks39
\pgfmath@stack@operation=\toks40
) ("C:\Users\Carlos\AppData\Local\Programs\MiKTeX 2.9\tex/generic/pgf/math\pgfmathfunctions.code.tex" ("C:\Users\Carlos\AppData\Local\Programs\MiKTeX 2.9\tex/generic/pgf/math\pgfmathfunctions.basic.code.tex") ("C:\Users\Carlos\AppData\Local\Programs\MiKTeX 2.9\tex/generic/pgf/math\pgfmathfunctions.trigonometric.code.tex") ("C:\Users\Carlos\AppData\Local\Programs\MiKTeX 2.9\tex/generic/pgf/math\pgfmathfunctions.random.code.tex") ("C:\Users\Carlos\AppData\Local\Programs\MiKTeX 2.9\tex/generic/pgf/math\pgfmathfunctions.comparison.code.tex") ("C:\Users\Carlos\AppData\Local\Programs\MiKTeX 2.9\tex/generic/pgf/math\pgfmathfunctions.base.code.tex") ("C:\Users\Carlos\AppData\Local\Programs\MiKTeX 2.9\tex/generic/pgf/math\pgfmathfunctions.round.code.tex") ("C:\Users\Carlos\AppData\Local\Programs\MiKTeX 2.9\tex/generic/pgf/math\pgfmathfunctions.misc.code.tex") ("C:\Users\Carlos\AppData\Local\Programs\MiKTeX 2.9\tex/generic/pgf/math\pgfmathfunctions.integerarithmetics.code.tex"))) ("C:\Users\Carlos\AppData\Local\Programs\MiKTeX 2.9\tex/generic/pgf/math\pgfmathfloat.code.tex"
\c@pgfmathroundto@lastzeros=\count121
)) ("C:\Users\Carlos\AppData\Local\Programs\MiKTeX 2.9\tex/generic/pgf/basiclayer\pgfcorepoints.code.tex"
File: pgfcorepoints.code.tex 2019/02/02 v3.1.1 (3.1.1)
\pgf@picminx=\dimen145
\pgf@picmaxx=\dimen146
\pgf@picminy=\dimen147
\pgf@picmaxy=\dimen148
\pgf@pathminx=\dimen149
\pgf@pathmaxx=\dimen150
\pgf@pathminy=\dimen151
\pgf@pathmaxy=\dimen152
\pgf@xx=\dimen153
\pgf@xy=\dimen154
\pgf@yx=\dimen155
\pgf@yy=\dimen156
\pgf@zx=\dimen157
\pgf@zy=\dimen158
) ("C:\Users\Carlos\AppData\Local\Programs\MiKTeX 2.9\tex/generic/pgf/basiclayer\pgfcorepathconstruct.code.tex"
File: pgfcorepathconstruct.code.tex 2019/02/02 v3.1.1 (3.1.1)
\pgf@path@lastx=\dimen159
\pgf@path@lasty=\dimen160
) ("C:\Users\Carlos\AppData\Local\Programs\MiKTeX 2.9\tex/generic/pgf/basiclayer\pgfcorepathusage.code.tex"
File: pgfcorepathusage.code.tex 2019/02/02 v3.1.1 (3.1.1)
\pgf@shorten@end@additional=\dimen161
\pgf@shorten@start@additional=\dimen162
) ("C:\Users\Carlos\AppData\Local\Programs\MiKTeX 2.9\tex/generic/pgf/basiclayer\pgfcorescopes.code.tex"
File: pgfcorescopes.code.tex 2019/02/02 v3.1.1 (3.1.1)
\pgfpic=\box33
\pgf@hbox=\box34
\pgf@layerbox@main=\box35
\pgf@picture@serial@count=\count122
) ("C:\Users\Carlos\AppData\Local\Programs\MiKTeX 2.9\tex/generic/pgf/basiclayer\pgfcoregraphicstate.code.tex"
File: pgfcoregraphicstate.code.tex 2019/02/02 v3.1.1 (3.1.1)
\pgflinewidth=\dimen163
) ("C:\Users\Carlos\AppData\Local\Programs\MiKTeX 2.9\tex/generic/pgf/basiclayer\pgfcoretransformations.code.tex"
File: pgfcoretransformations.code.tex 2019/02/02 v3.1.1 (3.1.1)
\pgf@pt@x=\dimen164
\pgf@pt@y=\dimen165
\pgf@pt@temp=\dimen166
) ("C:\Users\Carlos\AppData\Local\Programs\MiKTeX 2.9\tex/generic/pgf/basiclayer\pgfcorequick.code.tex"
File: pgfcorequick.code.tex 2019/02/02 v3.1.1 (3.1.1)
) ("C:\Users\Carlos\AppData\Local\Programs\MiKTeX 2.9\tex/generic/pgf/basiclayer\pgfcoreobjects.code.tex"
File: pgfcoreobjects.code.tex 2019/02/02 v3.1.1 (3.1.1)
) ("C:\Users\Carlos\AppData\Local\Programs\MiKTeX 2.9\tex/generic/pgf/basiclayer\pgfcorepathprocessing.code.tex"
File: pgfcorepathprocessing.code.tex 2019/02/02 v3.1.1 (3.1.1)
) ("C:\Users\Carlos\AppData\Local\Programs\MiKTeX 2.9\tex/generic/pgf/basiclayer\pgfcorearrows.code.tex"
File: pgfcorearrows.code.tex 2019/02/02 v3.1.1 (3.1.1)
\pgfarrowsep=\dimen167
) ("C:\Users\Carlos\AppData\Local\Programs\MiKTeX 2.9\tex/generic/pgf/basiclayer\pgfcoreshade.code.tex"
File: pgfcoreshade.code.tex 2019/02/02 v3.1.1 (3.1.1)
\pgf@max=\dimen168
\pgf@sys@shading@range@num=\count123
) ("C:\Users\Carlos\AppData\Local\Programs\MiKTeX 2.9\tex/generic/pgf/basiclayer\pgfcoreimage.code.tex"
File: pgfcoreimage.code.tex 2019/02/02 v3.1.1 (3.1.1)
 ("C:\Users\Carlos\AppData\Local\Programs\MiKTeX 2.9\tex/generic/pgf/basiclayer\pgfcoreexternal.code.tex"
File: pgfcoreexternal.code.tex 2019/02/02 v3.1.1 (3.1.1)
\pgfexternal@startupbox=\box36
)) ("C:\Users\Carlos\AppData\Local\Programs\MiKTeX 2.9\tex/generic/pgf/basiclayer\pgfcorelayers.code.tex"
File: pgfcorelayers.code.tex 2019/02/02 v3.1.1 (3.1.1)
) ("C:\Users\Carlos\AppData\Local\Programs\MiKTeX 2.9\tex/generic/pgf/basiclayer\pgfcoretransparency.code.tex"
File: pgfcoretransparency.code.tex 2019/02/02 v3.1.1 (3.1.1)
) ("C:\Users\Carlos\AppData\Local\Programs\MiKTeX 2.9\tex/generic/pgf/basiclayer\pgfcorepatterns.code.tex"
File: pgfcorepatterns.code.tex 2019/02/02 v3.1.1 (3.1.1)
) ("C:\Users\Carlos\AppData\Local\Programs\MiKTeX 2.9\tex/generic/pgf/basiclayer\pgfcorerdf.code.tex"
File: pgfcorerdf.code.tex 2019/02/02 v3.1.1 (3.1.1)
))) ("C:\Users\Carlos\AppData\Local\Programs\MiKTeX 2.9\tex/generic/pgf/modules\pgfmoduleshapes.code.tex"
File: pgfmoduleshapes.code.tex 2019/02/02 v3.1.1 (3.1.1)
\pgfnodeparttextbox=\box37
) ("C:\Users\Carlos\AppData\Local\Programs\MiKTeX 2.9\tex/generic/pgf/modules\pgfmoduleplot.code.tex"
File: pgfmoduleplot.code.tex 2019/02/02 v3.1.1 (3.1.1)
) ("C:\Users\Carlos\AppData\Local\Programs\MiKTeX 2.9\tex/latex/pgf/compatibility\pgfcomp-version-0-65.sty"
Package: pgfcomp-version-0-65 2019/02/02 v3.1.1 (3.1.1)
\pgf@nodesepstart=\dimen169
\pgf@nodesepend=\dimen170
) ("C:\Users\Carlos\AppData\Local\Programs\MiKTeX 2.9\tex/latex/pgf/compatibility\pgfcomp-version-1-18.sty"
Package: pgfcomp-version-1-18 2019/02/02 v3.1.1 (3.1.1)
)) ("C:\Users\Carlos\AppData\Local\Programs\MiKTeX 2.9\tex/latex/pgf/utilities\pgffor.sty" ("C:\Users\Carlos\AppData\Local\Programs\MiKTeX 2.9\tex/latex/pgf/utilities\pgfkeys.sty" ("C:\Users\Carlos\AppData\Local\Programs\MiKTeX 2.9\tex/generic/pgf/utilities\pgfkeys.code.tex")) ("C:\Users\Carlos\AppData\Local\Programs\MiKTeX 2.9\tex/latex/pgf/math\pgfmath.sty" ("C:\Users\Carlos\AppData\Local\Programs\MiKTeX 2.9\tex/generic/pgf/math\pgfmath.code.tex")) ("C:\Users\Carlos\AppData\Local\Programs\MiKTeX 2.9\tex/generic/pgf/utilities\pgffor.code.tex"
Package: pgffor 2019/02/02 v3.1.1 (3.1.1)
 ("C:\Users\Carlos\AppData\Local\Programs\MiKTeX 2.9\tex/generic/pgf/math\pgfmath.code.tex")
\pgffor@iter=\dimen171
\pgffor@skip=\dimen172
\pgffor@stack=\toks41
\pgffor@toks=\toks42
)) ("C:\Users\Carlos\AppData\Local\Programs\MiKTeX 2.9\tex/generic/pgf/frontendlayer/tikz\tikz.code.tex"
Package: tikz 2019/02/02 v3.1.1 (3.1.1)
 ("C:\Users\Carlos\AppData\Local\Programs\MiKTeX 2.9\tex/generic/pgf/libraries\pgflibraryplothandlers.code.tex"
File: pgflibraryplothandlers.code.tex 2019/02/02 v3.1.1 (3.1.1)
\pgf@plot@mark@count=\count124
\pgfplotmarksize=\dimen173
)
\tikz@lastx=\dimen174
\tikz@lasty=\dimen175
\tikz@lastxsaved=\dimen176
\tikz@lastysaved=\dimen177
\tikzleveldistance=\dimen178
\tikzsiblingdistance=\dimen179
\tikz@figbox=\box38
\tikz@figbox@bg=\box39
\tikz@tempbox=\box40
\tikz@tempbox@bg=\box41
\tikztreelevel=\count125
\tikznumberofchildren=\count126
\tikznumberofcurrentchild=\count127
\tikz@fig@count=\count128
 ("C:\Users\Carlos\AppData\Local\Programs\MiKTeX 2.9\tex/generic/pgf/modules\pgfmodulematrix.code.tex"
File: pgfmodulematrix.code.tex 2019/02/02 v3.1.1 (3.1.1)
\pgfmatrixcurrentrow=\count129
\pgfmatrixcurrentcolumn=\count130
\pgf@matrix@numberofcolumns=\count131
)
\tikz@expandcount=\count132
 ("C:\Users\Carlos\AppData\Local\Programs\MiKTeX 2.9\tex/generic/pgf/frontendlayer/tikz/libraries\tikzlibrarytopaths.code.tex"
File: tikzlibrarytopaths.code.tex 2019/02/02 v3.1.1 (3.1.1)
))) ("C:\Users\Carlos\AppData\Local\Programs\MiKTeX 2.9\tex/generic/pgf/frontendlayer/tikz/libraries\tikzlibrarymatrix.code.tex"
File: tikzlibrarymatrix.code.tex 2019/02/02 v3.1.1 (3.1.1)
) ("C:\Users\Carlos\AppData\Local\Programs\MiKTeX 2.9\tex/generic/pgf/frontendlayer/tikz/libraries\tikzlibrarycalc.code.tex"
File: tikzlibrarycalc.code.tex 2019/02/02 v3.1.1 (3.1.1)
) ("C:\Users\Carlos\AppData\Local\Programs\MiKTeX 2.9\tex/latex/tools\multicol.sty"
Package: multicol 2018/12/27 v1.8v multicolumn formatting (FMi)
\c@tracingmulticols=\count133
\mult@box=\box42
\multicol@leftmargin=\dimen180
\c@unbalance=\count134
\c@collectmore=\count135
\doublecol@number=\count136
\multicoltolerance=\count137
\multicolpretolerance=\count138
\full@width=\dimen181
\page@free=\dimen182
\premulticols=\dimen183
\postmulticols=\dimen184
\multicolsep=\skip77
\multicolbaselineskip=\skip78
\partial@page=\box43
\last@line=\box44
\maxbalancingoverflow=\dimen185
\mult@rightbox=\box45
\mult@grightbox=\box46
\mult@gfirstbox=\box47
\mult@firstbox=\box48
\@tempa=\box49
\@tempa=\box50
\@tempa=\box51
\@tempa=\box52
\@tempa=\box53
\@tempa=\box54
\@tempa=\box55
\@tempa=\box56
\@tempa=\box57
\@tempa=\box58
\@tempa=\box59
\@tempa=\box60
\@tempa=\box61
\@tempa=\box62
\@tempa=\box63
\@tempa=\box64
\@tempa=\box65
\c@columnbadness=\count139
\c@finalcolumnbadness=\count140
\last@try=\dimen186
\multicolovershoot=\dimen187
\multicolundershoot=\dimen188
\mult@nat@firstbox=\box66
\colbreak@box=\box67
\mc@col@check@num=\count141
) ("C:\Users\Carlos\AppData\Local\Programs\MiKTeX 2.9\tex/latex/float\float.sty"
Package: float 2001/11/08 v1.3d Float enhancements (AL)
\c@float@type=\count142
\float@exts=\toks43
\float@box=\box68
\@float@everytoks=\toks44
\@floatcapt=\box69
) ("C:\Users\Carlos\AppData\Local\Programs\MiKTeX 2.9\tex/latex/todonotes\todonotes.sty"
Package: todonotes 2019/01/24 v1.1.2 Todonotes source and documentation.
Package: todonotes 2018/11/22
 ("C:\Users\Carlos\AppData\Local\Programs\MiKTeX 2.9\tex/latex/base\ifthen.sty"
Package: ifthen 2014/09/29 v1.1c Standard LaTeX ifthen package (DPC)
) ("C:\Users\Carlos\AppData\Local\Programs\MiKTeX 2.9\tex/latex/xkeyval\xkeyval.sty"
Package: xkeyval 2014/12/03 v2.7a package option processing (HA)
 ("C:\Users\Carlos\AppData\Local\Programs\MiKTeX 2.9\tex/generic/xkeyval\xkeyval.tex" ("C:\Users\Carlos\AppData\Local\Programs\MiKTeX 2.9\tex/generic/xkeyval\xkvutils.tex"
\XKV@toks=\toks45
\XKV@tempa@toks=\toks46
)
\XKV@depth=\count143
File: xkeyval.tex 2014/12/03 v2.7a key=value parser (HA)
)) ("C:\Users\Carlos\AppData\Local\Programs\MiKTeX 2.9\tex/generic/pgf/frontendlayer/tikz/libraries\tikzlibrarypositioning.code.tex"
File: tikzlibrarypositioning.code.tex 2019/02/02 v3.1.1 (3.1.1)
) ("C:\Users\Carlos\AppData\Local\Programs\MiKTeX 2.9\tex/generic/pgf/frontendlayer/tikz/libraries\tikzlibraryshadows.code.tex"
File: tikzlibraryshadows.code.tex 2019/02/02 v3.1.1 (3.1.1)
 ("C:\Users\Carlos\AppData\Local\Programs\MiKTeX 2.9\tex/generic/pgf/frontendlayer/tikz/libraries\tikzlibraryfadings.code.tex"
File: tikzlibraryfadings.code.tex 2019/02/02 v3.1.1 (3.1.1)
 ("C:\Users\Carlos\AppData\Local\Programs\MiKTeX 2.9\tex/generic/pgf/libraries\pgflibraryfadings.code.tex"
File: pgflibraryfadings.code.tex 2019/02/02 v3.1.1 (3.1.1)
)))
\c@@todonotes@numberoftodonotes=\count144
) ("C:\Users\Carlos\AppData\Local\Programs\MiKTeX 2.9\tex/latex/varwidth\varwidth.sty"
Package: varwidth 2009/03/30 ver 0.92;  Variable-width minipages
\@vwid@box=\box70
\sift@deathcycles=\count145
\@vwid@loff=\dimen189
\@vwid@roff=\dimen190
) ("C:\Users\Carlos\AppData\Local\Programs\MiKTeX 2.9\tex/latex/listings\listings.sty"
\lst@mode=\count146
\lst@gtempboxa=\box71
\lst@token=\toks47
\lst@length=\count147
\lst@currlwidth=\dimen191
\lst@column=\count148
\lst@pos=\count149
\lst@lostspace=\dimen192
\lst@width=\dimen193
\lst@newlines=\count150
\lst@lineno=\count151
\lst@maxwidth=\dimen194
 ("C:\Users\Carlos\AppData\Local\Programs\MiKTeX 2.9\tex/latex/listings\lstmisc.sty"
File: lstmisc.sty 2019/02/27 1.8b (Carsten Heinz)
\c@lstnumber=\count152
\lst@skipnumbers=\count153
\lst@framebox=\box72
) ("C:\Users\Carlos\AppData\Local\Programs\MiKTeX 2.9\tex/latex/listings\listings.cfg"
File: listings.cfg 2019/02/27 1.8b listings configuration
))
Package: listings 2019/02/27 1.8b (Carsten Heinz)
 ("C:\Users\Carlos\AppData\Local\Programs\MiKTeX 2.9\tex/latex/listings\lstlang1.sty"
File: lstlang1.sty 2019/02/27 1.8b listings language file
) ("C:\Users\Carlos\AppData\Local\Programs\MiKTeX 2.9\tex/latex/listings\lstlang2.sty"
File: lstlang2.sty 2019/02/27 1.8b listings language file
) ("C:\Users\Carlos\AppData\Local\Programs\MiKTeX 2.9\tex/latex/listings\lstlang3.sty"
File: lstlang3.sty 2019/02/27 1.8b listings language file
) ("C:\Users\Carlos\AppData\Local\Programs\MiKTeX 2.9\tex/latex/circuitikz\circuitikz.sty"
Package: circuitikz 2019/07/13{} The CircuiTikz circuit drawing package version 0.9.3
 ("C:\Users\Carlos\AppData\Local\Programs\MiKTeX 2.9\tex/generic/pgf/libraries\pgflibraryarrows.meta.code.tex"
File: pgflibraryarrows.meta.code.tex 2019/02/02 v3.1.1 (3.1.1)
\pgfarrowinset=\dimen195
\pgfarrowlength=\dimen196
\pgfarrowwidth=\dimen197
\pgfarrowlinewidth=\dimen198
) ("C:\Users\Carlos\AppData\Local\Programs\MiKTeX 2.9\tex/generic/pgf/frontendlayer/tikz/libraries\tikzlibrarybending.code.tex"
File: tikzlibrarybending.code.tex 2019/02/02 v3.1.1 (3.1.1)
 ("C:\Users\Carlos\AppData\Local\Programs\MiKTeX 2.9\tex/generic/pgf/modules\pgfmodulebending.code.tex"
File: pgfmodulebending.code.tex 2019/02/02 v3.1.1 (3.1.1)
 ("C:\Users\Carlos\AppData\Local\Programs\MiKTeX 2.9\tex/generic/pgf/modules\pgfmodulenonlineartransformations.code.tex"
File: pgfmodulenonlineartransformations.code.tex 2019/02/02 v3.1.1 (3.1.1)
\pgftransformnonlinearflatness=\dimen199
) ("C:\Users\Carlos\AppData\Local\Programs\MiKTeX 2.9\tex/generic/pgf/libraries\pgflibrarycurvilinear.code.tex"
File: pgflibrarycurvilinear.code.tex 2019/02/02 v3.1.1 (3.1.1)
\pgf@curvilinear@time@a=\dimen256
\pgf@curvilinear@length@a=\dimen257
\pgf@curvilinear@length@b=\dimen258
\pgf@curvilinear@length@c=\dimen259
\pgf@curvilinear@length@d=\dimen260
)
\pgf@arrows@the@rigidity=\dimen261
)) ("C:\Users\Carlos\AppData\Local\Programs\MiKTeX 2.9\tex/generic/circuitikz\pgfcirc.defines.tex"
\pgf@circ@count@a=\count154
\pgf@circ@count@b=\count155
\pgf@circ@count@c=\count156
\pgf@circ@res@up=\dimen262
\pgf@circ@res@down=\dimen263
\pgf@circ@res@zero=\dimen264
\pgf@circ@res@left=\dimen265
\pgf@circ@res@right=\dimen266
\pgf@circ@res@other=\dimen267
\pgf@circ@res@step=\dimen268
\pgf@circ@res@temp=\dimen269
\pgfstartlinewidth=\dimen270
\pgf@circ@Rlen=\dimen271
)
("C:\Users\Carlos\AppData\Local\Programs\MiKTeX 2.9\tex/generic/circuitikz\pgfcircutils.tex") ("C:\Users\Carlos\AppData\Local\Programs\MiKTeX 2.9\tex/generic/circuitikz\pgfcircshapes.tex") ("C:\Users\Carlos\AppData\Local\Programs\MiKTeX 2.9\tex/generic/circuitikz\pgfcircmonopoles.tex") ("C:\Users\Carlos\AppData\Local\Programs\MiKTeX 2.9\tex/generic/circuitikz\pgfcircbipoles.tex") ("C:\Users\Carlos\AppData\Local\Programs\MiKTeX 2.9\tex/generic/circuitikz\pgfcirctripoles.tex"
\pgf@circ@res@count=\count157
) ("C:\Users\Carlos\AppData\Local\Programs\MiKTeX 2.9\tex/generic/circuitikz\pgfcircquadpoles.tex") ("C:\Users\Carlos\AppData\Local\Programs\MiKTeX 2.9\tex/generic/circuitikz\pgfcircmultipoles.tex") ("C:\Users\Carlos\AppData\Local\Programs\MiKTeX 2.9\tex/generic/circuitikz\pgfcirclabel.tex") ("C:\Users\Carlos\AppData\Local\Programs\MiKTeX 2.9\tex/generic/circuitikz\pgfcircvoltage.tex") ("C:\Users\Carlos\AppData\Local\Programs\MiKTeX 2.9\tex/generic/circuitikz\pgfcirccurrent.tex") ("C:\Users\Carlos\AppData\Local\Programs\MiKTeX 2.9\tex/generic/circuitikz\pgfcircflow.tex") ("C:\Users\Carlos\AppData\Local\Programs\MiKTeX 2.9\tex/generic/circuitikz\pgfcircpath.tex") ("C:\Users\Carlos\AppData\Local\Programs\MiKTeX 2.9\tex/latex/xstring\xstring.sty" ("C:\Users\Carlos\AppData\Local\Programs\MiKTeX 2.9\tex/generic/xstring\xstring.tex"
\integerpart=\count158
\decimalpart=\count159
)
Package: xstring 2019/02/06 v1.83 String manipulations (CT)
) ("C:\Users\Carlos\AppData\Local\Programs\MiKTeX 2.9\tex/latex/siunitx\siunitx.sty" ("C:\Users\Carlos\AppData\Local\Programs\MiKTeX 2.9\tex/latex/l3kernel\expl3.sty"
Package: expl3 2019-04-06 L3 programming layer (loader) 
 ("C:\Users\Carlos\AppData\Local\Programs\MiKTeX 2.9\tex/latex/l3kernel\expl3-code.tex"
Package: expl3 2019-04-06 L3 programming layer (code)
\c_max_int=\count160
\l_tmpa_int=\count161
\l_tmpb_int=\count162
\g_tmpa_int=\count163
\g_tmpb_int=\count164
\g__kernel_prg_map_int=\count165
\c__ior_term_ior=\count166
\c_log_iow=\count167
\l_iow_line_count_int=\count168
\l__iow_line_target_int=\count169
\l__iow_one_indent_int=\count170
\l__iow_indent_int=\count171
\c_zero_dim=\dimen272
\c_max_dim=\dimen273
\l_tmpa_dim=\dimen274
\l_tmpb_dim=\dimen275
\g_tmpa_dim=\dimen276
\g_tmpb_dim=\dimen277
\c_zero_skip=\skip79
\c_max_skip=\skip80
\l_tmpa_skip=\skip81
\l_tmpb_skip=\skip82
\g_tmpa_skip=\skip83
\g_tmpb_skip=\skip84
\c_zero_muskip=\muskip12
\c_max_muskip=\muskip13
\l_tmpa_muskip=\muskip14
\l_tmpb_muskip=\muskip15
\g_tmpa_muskip=\muskip16
\g_tmpb_muskip=\muskip17
\l_keys_choice_int=\count172
\l__intarray_loop_int=\count173
\c__intarray_sp_dim=\dimen278
\g__intarray_font_int=\count174
\c__fp_leading_shift_int=\count175
\c__fp_middle_shift_int=\count176
\c__fp_trailing_shift_int=\count177
\c__fp_big_leading_shift_int=\count178
\c__fp_big_middle_shift_int=\count179
\c__fp_big_trailing_shift_int=\count180
\c__fp_Bigg_leading_shift_int=\count181
\c__fp_Bigg_middle_shift_int=\count182
\c__fp_Bigg_trailing_shift_int=\count183
\c__kernel_randint_max_int=\count184
\g__fp_array_int=\count185
\l__fp_array_loop_int=\count186
\l__sort_length_int=\count187
\l__sort_min_int=\count188
\l__sort_top_int=\count189
\l__sort_max_int=\count190
\l__sort_true_max_int=\count191
\l__sort_block_int=\count192
\l__sort_begin_int=\count193
\l__sort_end_int=\count194
\l__sort_A_int=\count195
\l__sort_B_int=\count196
\l__sort_C_int=\count197
\l__tl_analysis_normal_int=\count198
\l__tl_analysis_index_int=\count199
\l__tl_analysis_nesting_int=\count266
\l__tl_analysis_type_int=\count267
\l__regex_internal_a_int=\count268
\l__regex_internal_b_int=\count269
\l__regex_internal_c_int=\count270
\l__regex_balance_int=\count271
\l__regex_group_level_int=\count272
\l__regex_mode_int=\count273
\c__regex_cs_in_class_mode_int=\count274
\c__regex_cs_mode_int=\count275
\l__regex_catcodes_int=\count276
\l__regex_default_catcodes_int=\count277
\c__regex_catcode_D_int=\count278
\c__regex_catcode_S_int=\count279
\c__regex_catcode_L_int=\count280
\c__regex_catcode_O_int=\count281
\c__regex_catcode_A_int=\count282
\c__regex_all_catcodes_int=\count283
\l__regex_show_lines_int=\count284
\l__regex_min_state_int=\count285
\l__regex_max_state_int=\count286
\l__regex_left_state_int=\count287
\l__regex_right_state_int=\count288
\l__regex_capturing_group_int=\count289
\l__regex_min_pos_int=\count290
\l__regex_max_pos_int=\count291
\l__regex_curr_pos_int=\count292
\l__regex_start_pos_int=\count293
\l__regex_success_pos_int=\count294
\l__regex_curr_char_int=\count295
\l__regex_curr_catcode_int=\count296
\l__regex_last_char_int=\count297
\l__regex_case_changed_char_int=\count298
\l__regex_curr_state_int=\count299
\l__regex_step_int=\count300
\l__regex_min_active_int=\count301
\l__regex_max_active_int=\count302
\l__regex_replacement_csnames_int=\count303
\l__regex_match_count_int=\count304
\l__regex_min_submatch_int=\count305
\l__regex_submatch_int=\count306
\l__regex_zeroth_submatch_int=\count307
\g__regex_trace_regex_int=\count308
\c_empty_box=\box73
\l_tmpa_box=\box74
\l_tmpb_box=\box75
\g_tmpa_box=\box76
\g_tmpb_box=\box77
\l__box_top_dim=\dimen279
\l__box_bottom_dim=\dimen280
\l__box_left_dim=\dimen281
\l__box_right_dim=\dimen282
\l__box_top_new_dim=\dimen283
\l__box_bottom_new_dim=\dimen284
\l__box_left_new_dim=\dimen285
\l__box_right_new_dim=\dimen286
\l__box_internal_box=\box78
\l__coffin_internal_box=\box79
\l__coffin_internal_dim=\dimen287
\l__coffin_offset_x_dim=\dimen288
\l__coffin_offset_y_dim=\dimen289
\l__coffin_x_dim=\dimen290
\l__coffin_y_dim=\dimen291
\l__coffin_x_prime_dim=\dimen292
\l__coffin_y_prime_dim=\dimen293
\c_empty_coffin=\box80
\l__coffin_aligned_coffin=\box81
\l__coffin_aligned_internal_coffin=\box82
\l_tmpa_coffin=\box83
\l_tmpb_coffin=\box84
\g_tmpa_coffin=\box85
\g_tmpb_coffin=\box86
\l__coffin_bounding_shift_dim=\dimen294
\l__coffin_left_corner_dim=\dimen295
\l__coffin_right_corner_dim=\dimen296
\l__coffin_bottom_corner_dim=\dimen297
\l__coffin_top_corner_dim=\dimen298
\l__coffin_scaled_total_height_dim=\dimen299
\l__coffin_scaled_width_dim=\dimen300
\c__coffin_empty_coffin=\box87
\l__coffin_display_coffin=\box88
\l__coffin_display_coord_coffin=\box89
\l__coffin_display_pole_coffin=\box90
\l__coffin_display_offset_dim=\dimen301
\l__coffin_display_x_dim=\dimen302
\l__coffin_display_y_dim=\dimen303
\g__file_internal_ior=\read2
\l__seq_internal_a_int=\count309
\l__seq_internal_b_int=\count310
\c__deprecation_minus_one=\count311
) ("C:\Users\Carlos\AppData\Local\Programs\MiKTeX 2.9\tex/latex/l3kernel\l3pdfmode.def"
File: l3pdfmode.def 2019-04-06 v L3 Experimental driver: PDF mode
\l__driver_color_stack_int=\count312
)) ("C:\Users\Carlos\AppData\Local\Programs\MiKTeX 2.9\tex/latex/l3packages/xparse\xparse.sty"
Package: xparse 2019-03-05 L3 Experimental document command parser
\l__xparse_current_arg_int=\count313
\g__xparse_grabber_int=\count314
\l__xparse_m_args_int=\count315
\l__xparse_v_nesting_int=\count316
)
Package: siunitx 2018/05/17 v2.7s A comprehensive (SI) units package
 ("C:\Users\Carlos\AppData\Local\Programs\MiKTeX 2.9\tex/latex/tools\array.sty"
Package: array 2018/12/30 v2.4k Tabular extension package (FMi)
\col@sep=\dimen304
\ar@mcellbox=\box91
\extrarowheight=\dimen305
\NC@list=\toks48
\extratabsurround=\skip85
\backup@length=\skip86
\ar@cellbox=\box92
) ("C:\Users\Carlos\AppData\Local\Programs\MiKTeX 2.9\tex/latex/l3packages/l3keys2e\l3keys2e.sty"
Package: l3keys2e 2019-03-05 LaTeX2e option processing using LaTeX3 keys
)
\l__siunitx_tmp_box=\box93
\l__siunitx_tmp_dim=\dimen306
\l__siunitx_tmp_int=\count317
\l__siunitx_number_mantissa_length_int=\count318
\l__siunitx_number_uncert_length_int=\count319
\l__siunitx_round_int=\count320
\l__siunitx_process_decimal_int=\count321
\l__siunitx_process_uncertainty_int=\count322
\l__siunitx_process_fixed_int=\count323
\l__siunitx_process_integer_min_int=\count324
\l__siunitx_process_precision_int=\count325
\l__siunitx_group_min_int=\count326
\l__siunitx_angle_marker_box=\box94
\l__siunitx_angle_unit_box=\box95
\l__siunitx_angle_marker_dim=\dimen307
\l__siunitx_angle_unit_dim=\dimen308
\l__siunitx_unit_int=\count327
\l__siunitx_unit_denominator_int=\count328
\l__siunitx_unit_numerator_int=\count329
\l__siunitx_unit_prefix_int=\count330
\l__siunitx_unit_prefix_base_int=\count331
\l__siunitx_unit_prefix_gram_int=\count332
\l__siunitx_number_product_int=\count333
\c__siunitx_one_fill_skip=\skip87
\l__siunitx_table_unit_align_skip=\skip88
\l__siunitx_table_exponent_dim=\dimen309
\l__siunitx_table_integer_dim=\dimen310
\l__siunitx_table_mantissa_dim=\dimen311
\l__siunitx_table_marker_dim=\dimen312
\l__siunitx_table_result_dim=\dimen313
\l__siunitx_table_uncert_dim=\dimen314
\l__siunitx_table_fill_pre_dim=\dimen315
\l__siunitx_table_fill_post_dim=\dimen316
\l__siunitx_table_fill_mid_dim=\dimen317
\l__siunitx_table_pre_box=\box96
\l__siunitx_table_post_box=\box97
\l__siunitx_table_mantissa_box=\box98
\l__siunitx_table_result_box=\box99
\l__siunitx_table_number_align_skip=\skip89
\l__siunitx_table_text_align_skip=\skip90
 ("C:\Users\Carlos\AppData\Local\Programs\MiKTeX 2.9\tex/latex/translator\translator.sty"
Package: translator 2018/01/04 v1.12 Easy translation of strings in LaTeX
))

Package circuitikz Warning: You did not specify one of the voltage directions:
(circuitikz)                  oldvoltagedirection, nooldvoltagedirection, 
(circuitikz)                  RPvoltages or EFvoltages 
(circuitikz)                Default directions may have changed, 
(circuitikz)                please check the manual.

) ("C:\Users\Carlos\AppData\Local\Programs\MiKTeX 2.9\tex/latex/amsfonts\amssymb.sty"
Package: amssymb 2013/01/14 v3.01 AMS font symbols
LaTeX Font Info:    Redeclaring math symbol \blacksquare on input line 48.
LaTeX Font Info:    Redeclaring math symbol \vDash on input line 60.
LaTeX Font Info:    Redeclaring math symbol \leftleftarrows on input line 63.
LaTeX Font Info:    Redeclaring math symbol \rightrightarrows on input line 64.
LaTeX Font Info:    Redeclaring math symbol \leqslant on input line 101.
LaTeX Font Info:    Redeclaring math symbol \geqslant on input line 108.
LaTeX Font Info:    Redeclaring math symbol \blacktriangleright on input line 120.
LaTeX Font Info:    Redeclaring math symbol \blacktriangleleft on input line 121.
LaTeX Font Info:    Redeclaring math symbol \complement on input line 165.
LaTeX Font Info:    Redeclaring math symbol \intercal on input line 166.
LaTeX Font Info:    Redeclaring math symbol \nleqslant on input line 181.
LaTeX Font Info:    Redeclaring math symbol \ngeqslant on input line 182.
LaTeX Font Info:    Redeclaring math symbol \varsubsetneq on input line 203.
LaTeX Font Info:    Redeclaring math symbol \subsetneqq on input line 207.
LaTeX Font Info:    Redeclaring math symbol \nparallel on input line 215.
LaTeX Font Info:    Redeclaring math symbol \nvDash on input line 221.
LaTeX Font Info:    Redeclaring math symbol \nexists on input line 235.
LaTeX Font Info:    Redeclaring math symbol \smallsetminus on input line 251.
LaTeX Font Info:    Redeclaring math symbol \curvearrowleft on input line 257.
LaTeX Font Info:    Redeclaring math symbol \curvearrowright on input line 258.
LaTeX Font Info:    Redeclaring math symbol \varkappa on input line 260.
LaTeX Font Info:    Redeclaring math symbol \hslash on input line 262.
) ("C:\Users\Carlos\AppData\Local\Programs\MiKTeX 2.9\tex/latex/tools\bm.sty"
Package: bm 2017/01/16 v1.2c Bold Symbol Support (DPC/FMi)
\symboldoperators=\mathgroup8
\symboldletters=\mathgroup9
\symboldotherletters=\mathgroup10
LaTeX Font Info:    Redeclaring math alphabet \mathbf on input line 141.
LaTeX Info: Redefining \bm on input line 207.
) ("C:\Users\Carlos\AppData\Local\Programs\MiKTeX 2.9\tex/latex/ulem\ulem.sty"
\UL@box=\box100
\UL@hyphenbox=\box101
\UL@skip=\skip91
\UL@hook=\toks49
\UL@height=\dimen318
\UL@pe=\count334
\UL@pixel=\dimen319
\ULC@box=\box102
Package: ulem 2012/05/18
\ULdepth=\dimen320
) ("C:\Users\Carlos\AppData\Local\Programs\MiKTeX 2.9\tex/latex/pgfplots\pgfplots.sty" ("C:\Users\Carlos\AppData\Local\Programs\MiKTeX 2.9\tex/generic/pgfplots\pgfplots.revision.tex")
Package: pgfplots 2018/03/28 v1.16 Data Visualization (1.16)
 ("C:\Users\Carlos\AppData\Local\Programs\MiKTeX 2.9\tex/generic/pgfplots\pgfplots.code.tex" ("C:\Users\Carlos\AppData\Local\Programs\MiKTeX 2.9\tex/generic/pgfplots\pgfplotscore.code.tex"
\t@pgfplots@toka=\toks50
\t@pgfplots@tokb=\toks51
\t@pgfplots@tokc=\toks52
\pgfplots@tmpa=\dimen321
\c@pgfplots@coordindex=\count335
\c@pgfplots@scanlineindex=\count336
 ("C:\Users\Carlos\AppData\Local\Programs\MiKTeX 2.9\tex/generic/pgfplots/sys\pgfplotssysgeneric.code.tex")) ("C:\Users\Carlos\AppData\Local\Programs\MiKTeX 2.9\tex/generic/pgfplots/libs\pgfplotslibrary.code.tex") ("C:\Users\Carlos\AppData\Local\Programs\MiKTeX 2.9\tex/generic/pgfplots/oldpgfcompatib\pgfplotsoldpgfsupp_loader.code.tex" ("C:\Users\Carlos\AppData\Local\Programs\MiKTeX 2.9\tex/generic/pgf/libraries\pgflibraryfpu.code.tex")
Package pgfplots: loading complementary arithmetics for your pgf version...
("C:\Users\Carlos\AppData\Local\Programs\MiKTeX 2.9\tex/generic/pgfplots/oldpgfcompatib\pgfplotsoldpgfsupp_pgflibraryfpu.code.tex") ("C:\Users\Carlos\AppData\Local\Programs\MiKTeX 2.9\tex/generic/pgfplots/oldpgfcompatib\pgfplotsoldpgfsupp_pgfmathfloat.code.tex"
\c@pgfmathroundto@lastzeros=\count337
)) ("C:\Users\Carlos\AppData\Local\Programs\MiKTeX 2.9\tex/generic/pgfplots/util\pgfplotsutil.code.tex" ("C:\Users\Carlos\AppData\Local\Programs\MiKTeX 2.9\tex/generic/pgfplots/liststructure\pgfplotsliststructure.code.tex") ("C:\Users\Carlos\AppData\Local\Programs\MiKTeX 2.9\tex/generic/pgfplots/liststructure\pgfplotsliststructureext.code.tex") ("C:\Users\Carlos\AppData\Local\Programs\MiKTeX 2.9\tex/generic/pgfplots/liststructure\pgfplotsarray.code.tex"
\c@pgfplotsarray@tmp=\count338
) ("C:\Users\Carlos\AppData\Local\Programs\MiKTeX 2.9\tex/generic/pgfplots/liststructure\pgfplotsmatrix.code.tex") ("C:\Users\Carlos\AppData\Local\Programs\MiKTeX 2.9\tex/generic/pgfplots/numtable\pgfplotstableshared.code.tex"
\c@pgfplotstable@counta=\count339
\t@pgfplotstable@a=\toks53
) ("C:\Users\Carlos\AppData\Local\Programs\MiKTeX 2.9\tex/generic/pgfplots/liststructure\pgfplotsdeque.code.tex") ("C:\Users\Carlos\AppData\Local\Programs\MiKTeX 2.9\tex/generic/pgfplots/util\pgfplotsbinary.code.tex" ("C:\Users\Carlos\AppData\Local\Programs\MiKTeX 2.9\tex/generic/pgfplots/util\pgfplotsbinary.data.code.tex")) ("C:\Users\Carlos\AppData\Local\Programs\MiKTeX 2.9\tex/generic/pgfplots/util\pgfplotsutil.verb.code.tex") ("C:\Users\Carlos\AppData\Local\Programs\MiKTeX 2.9\tex/generic/pgfplots/libs\pgflibrarypgfplots.surfshading.code.tex"
\c@pgfplotslibrarysurf@no=\count340
 ("C:\Users\Carlos\AppData\Local\Programs\MiKTeX 2.9\tex/generic/pgfplots/sys\pgflibrarypgfplots.surfshading.pgfsys-pdftex.def"))) ("C:\Users\Carlos\AppData\Local\Programs\MiKTeX 2.9\tex/generic/pgfplots/util\pgfplotscolormap.code.tex" ("C:\Users\Carlos\AppData\Local\Programs\MiKTeX 2.9\tex/generic/pgfplots/util\pgfplotscolor.code.tex")) ("C:\Users\Carlos\AppData\Local\Programs\MiKTeX 2.9\tex/generic/pgfplots\pgfplotsstackedplots.code.tex") ("C:\Users\Carlos\AppData\Local\Programs\MiKTeX 2.9\tex/generic/pgfplots\pgfplotsplothandlers.code.tex" ("C:\Users\Carlos\AppData\Local\Programs\MiKTeX 2.9\tex/generic/pgfplots\pgfplotsmeshplothandler.code.tex" ("C:\Users\Carlos\AppData\Local\Programs\MiKTeX 2.9\tex/generic/pgfplots\pgfplotsmeshplotimage.code.tex"))) ("C:\Users\Carlos\AppData\Local\Programs\MiKTeX 2.9\tex/generic/pgfplots\pgfplots.scaling.code.tex") ("C:\Users\Carlos\AppData\Local\Programs\MiKTeX 2.9\tex/generic/pgfplots\pgfplotscoordprocessing.code.tex") ("C:\Users\Carlos\AppData\Local\Programs\MiKTeX 2.9\tex/generic/pgfplots\pgfplots.errorbars.code.tex") ("C:\Users\Carlos\AppData\Local\Programs\MiKTeX 2.9\tex/generic/pgfplots\pgfplots.markers.code.tex") ("C:\Users\Carlos\AppData\Local\Programs\MiKTeX 2.9\tex/generic/pgfplots\pgfplotsticks.code.tex") ("C:\Users\Carlos\AppData\Local\Programs\MiKTeX 2.9\tex/generic/pgfplots\pgfplots.paths.code.tex") ("C:\Users\Carlos\AppData\Local\Programs\MiKTeX 2.9\tex/generic/pgf/frontendlayer/tikz/libraries\tikzlibrarydecorations.code.tex" ("C:\Users\Carlos\AppData\Local\Programs\MiKTeX 2.9\tex/generic/pgf/modules\pgfmoduledecorations.code.tex"
\pgfdecoratedcompleteddistance=\dimen322
\pgfdecoratedremainingdistance=\dimen323
\pgfdecoratedinputsegmentcompleteddistance=\dimen324
\pgfdecoratedinputsegmentremainingdistance=\dimen325
\pgf@decorate@distancetomove=\dimen326
\pgf@decorate@repeatstate=\count341
\pgfdecorationsegmentamplitude=\dimen327
\pgfdecorationsegmentlength=\dimen328
)
\tikz@lib@dec@box=\box103
) ("C:\Users\Carlos\AppData\Local\Programs\MiKTeX 2.9\tex/generic/pgf/frontendlayer/tikz/libraries\tikzlibrarydecorations.pathmorphing.code.tex" ("C:\Users\Carlos\AppData\Local\Programs\MiKTeX 2.9\tex/generic/pgf/libraries/decorations\pgflibrarydecorations.pathmorphing.code.tex")) ("C:\Users\Carlos\AppData\Local\Programs\MiKTeX 2.9\tex/generic/pgf/frontendlayer/tikz/libraries\tikzlibrarydecorations.pathreplacing.code.tex" ("C:\Users\Carlos\AppData\Local\Programs\MiKTeX 2.9\tex/generic/pgf/libraries/decorations\pgflibrarydecorations.pathreplacing.code.tex"))
\pgfplots@numplots=\count342
\pgfplots@xmin@reg=\dimen329
\pgfplots@xmax@reg=\dimen330
\pgfplots@ymin@reg=\dimen331
\pgfplots@ymax@reg=\dimen332
\pgfplots@zmin@reg=\dimen333
\pgfplots@zmax@reg=\dimen334
) ("C:\Users\Carlos\AppData\Local\Programs\MiKTeX 2.9\tex/generic/pgf/frontendlayer/tikz/libraries\tikzlibraryplotmarks.code.tex"
File: tikzlibraryplotmarks.code.tex 2019/02/02 v3.1.1 (3.1.1)
 ("C:\Users\Carlos\AppData\Local\Programs\MiKTeX 2.9\tex/generic/pgf/libraries\pgflibraryplotmarks.code.tex"
File: pgflibraryplotmarks.code.tex 2019/02/02 v3.1.1 (3.1.1)
)))) ("c:/Users\Carlos\Desktop\ITBA\3er año\1er cuatri\TC\TP2\Informe\TP2\Informe\Informe.aux"
LaTeX Info: Redefining \. on input line 7.
LaTeX Info: Redefining \% on input line 7.
)
\openout1 = `Informe.aux'.

LaTeX Font Info:    Checking defaults for OML/cmm/m/it on input line 4.
LaTeX Font Info:    ... okay on input line 4.
LaTeX Font Info:    Checking defaults for T1/cmr/m/n on input line 4.
LaTeX Font Info:    ... okay on input line 4.
LaTeX Font Info:    Checking defaults for OT1/cmr/m/n on input line 4.
LaTeX Font Info:    ... okay on input line 4.
LaTeX Font Info:    Checking defaults for OMS/cmsy/m/n on input line 4.
LaTeX Font Info:    ... okay on input line 4.
LaTeX Font Info:    Checking defaults for OMX/cmex/m/n on input line 4.
LaTeX Font Info:    ... okay on input line 4.
LaTeX Font Info:    Checking defaults for U/cmr/m/n on input line 4.
LaTeX Font Info:    ... okay on input line 4.
LaTeX Font Info:    Checking defaults for FML/futm/m/it on input line 4.
LaTeX Font Info:    Try loading font information for FML+futm on input line 4.
 ("C:\Users\Carlos\AppData\Local\Programs\MiKTeX 2.9\tex/latex/fourier\fmlfutm.fd"
File: fmlfutm.fd 2004/10/30 Fontinst v1.926 font definitions for FML/futm.
)
LaTeX Font Info:    ... okay on input line 4.
LaTeX Font Info:    Checking defaults for FMS/futm/m/n on input line 4.
LaTeX Font Info:    Try loading font information for FMS+futm on input line 4.
 ("C:\Users\Carlos\AppData\Local\Programs\MiKTeX 2.9\tex/latex/fourier\fmsfutm.fd"
File: fmsfutm.fd 2004/10/30 Fontinst v1.926 font definitions for FMS/futm.
)
LaTeX Font Info:    ... okay on input line 4.
LaTeX Font Info:    Checking defaults for FMX/futm/m/n on input line 4.
LaTeX Font Info:    Try loading font information for FMX+futm on input line 4.
 ("C:\Users\Carlos\AppData\Local\Programs\MiKTeX 2.9\tex/latex/fourier\fmxfutm.fd"
File: fmxfutm.fd futm-extension
)
LaTeX Font Info:    ... okay on input line 4.
LaTeX Font Info:    Checking defaults for TS1/cmr/m/n on input line 4.
LaTeX Font Info:    Try loading font information for TS1+cmr on input line 4.
 ("C:\Users\Carlos\AppData\Local\Programs\MiKTeX 2.9\tex/latex/base\ts1cmr.fd"
File: ts1cmr.fd 2014/09/29 v2.5h Standard LaTeX font definitions
)
LaTeX Font Info:    ... okay on input line 4.
LaTeX Font Info:    Try loading font information for T1+futs on input line 4.
 ("C:\Users\Carlos\AppData\Local\Programs\MiKTeX 2.9\tex/latex/fourier\t1futs.fd"
File: t1futs.fd 2004/03/02 Fontinst v1.926 font definitions for T1/futs.
)
LaTeX Info: Redefining \. on input line 4.
LaTeX Info: Redefining \% on input line 4.
LaTeX Info: Redefining \microtypecontext on input line 4.
Package microtype Info: Generating PDF output.
Package microtype Info: Character protrusion enabled (level 2).
Package microtype Info: Using default protrusion set `alltext'.
Package microtype Info: Automatic font expansion enabled (level 2),
(microtype)             stretch: 20, shrink: 20, step: 1, non-selected.
Package microtype Info: Using default expansion set `basictext'.
Package microtype Info: No adjustment of tracking.
Package microtype Info: No adjustment of interword spacing.
Package microtype Info: No adjustment of character kerning.
Package microtype Info: Loading generic protrusion settings for font family
(microtype)             `futs' (encoding: T1).
(microtype)             For optimal results, create family-specific settings.
(microtype)             See the microtype manual for details.
 ("C:\Users\Carlos\AppData\Local\Programs\MiKTeX 2.9\tex/context/base/mkii\supp-pdf.mkii"
[Loading MPS to PDF converter (version 2006.09.02).]
\scratchcounter=\count343
\scratchdimen=\dimen335
\scratchbox=\box104
\nofMPsegments=\count344
\nofMParguments=\count345
\everyMPshowfont=\toks54
\MPscratchCnt=\count346
\MPscratchDim=\dimen336
\MPnumerator=\count347
\makeMPintoPDFobject=\count348
\everyMPtoPDFconversion=\toks55
) ("C:\Users\Carlos\AppData\Local\Programs\MiKTeX 2.9\tex/latex/oberdiek\epstopdf-base.sty"
Package: epstopdf-base 2016/05/15 v2.6 Base part for package epstopdf
 ("C:\Users\Carlos\AppData\Local\Programs\MiKTeX 2.9\tex/generic/oberdiek\infwarerr.sty"
Package: infwarerr 2016/05/16 v1.4 Providing info/warning/error messages (HO)
) ("C:\Users\Carlos\AppData\Local\Programs\MiKTeX 2.9\tex/latex/oberdiek\grfext.sty"
Package: grfext 2016/05/16 v1.2 Manage graphics extensions (HO)
 ("C:\Users\Carlos\AppData\Local\Programs\MiKTeX 2.9\tex/generic/oberdiek\kvdefinekeys.sty"
Package: kvdefinekeys 2016/05/16 v1.4 Define keys (HO)
 ("C:\Users\Carlos\AppData\Local\Programs\MiKTeX 2.9\tex/generic/oberdiek\ltxcmds.sty"
Package: ltxcmds 2016/05/16 v1.23 LaTeX kernel commands for general use (HO)
))) ("C:\Users\Carlos\AppData\Local\Programs\MiKTeX 2.9\tex/latex/oberdiek\kvoptions.sty"
Package: kvoptions 2016/05/16 v3.12 Key value format for package options (HO)
 ("C:\Users\Carlos\AppData\Local\Programs\MiKTeX 2.9\tex/generic/oberdiek\kvsetkeys.sty"
Package: kvsetkeys 2016/05/16 v1.17 Key value parser (HO)
 ("C:\Users\Carlos\AppData\Local\Programs\MiKTeX 2.9\tex/generic/oberdiek\etexcmds.sty"
Package: etexcmds 2016/05/16 v1.6 Avoid name clashes with e-TeX commands (HO)
 ("C:\Users\Carlos\AppData\Local\Programs\MiKTeX 2.9\tex/generic/oberdiek\ifluatex.sty"
Package: ifluatex 2016/05/16 v1.4 Provides the ifluatex switch (HO)
Package ifluatex Info: LuaTeX not detected.
)))) ("C:\Users\Carlos\AppData\Local\Programs\MiKTeX 2.9\tex/generic/oberdiek\pdftexcmds.sty"
Package: pdftexcmds 2018/09/10 v0.29 Utility functions of pdfTeX for LuaTeX (HO)
Package pdftexcmds Info: LuaTeX not detected.
Package pdftexcmds Info: \pdf@primitive is available.
Package pdftexcmds Info: \pdf@ifprimitive is available.
Package pdftexcmds Info: \pdfdraftmode found.
)
Package epstopdf-base Info: Redefining graphics rule for `.eps' on input line 438.
Package grfext Info: Graphics extension search list:
(grfext)             [.pdf,.png,.jpg,.mps,.jpeg,.jbig2,.jb2,.PDF,.PNG,.JPG,.JPEG,.JBIG2,.JB2,.eps]
(grfext)             \AppendGraphicsExtensions on input line 456.
)
*geometry* driver: auto-detecting
*geometry* detected driver: pdftex
*geometry* verbose mode - [ preamble ] result:
* driver: pdftex
* paper: a4paper
* layout: <same size as paper>
* layoutoffset:(h,v)=(0.0pt,0.0pt)
* modes: 
* h-part:(L,W,R)=(56.9055pt, 483.69687pt, 56.9055pt)
* v-part:(T,H,B)=(56.9055pt, 731.23584pt, 56.9055pt)
* \paperwidth=597.50787pt
* \paperheight=845.04684pt
* \textwidth=483.69687pt
* \textheight=731.23584pt
* \oddsidemargin=-15.36449pt
* \evensidemargin=-15.36449pt
* \topmargin=-49.3645pt
* \headheight=13.6pt
* \headsep=20.40001pt
* \topskip=11.0pt
* \footskip=47.6pt
* \marginparwidth=59.7508pt
* \marginparsep=12.8401pt
* \columnsep=10.0pt
* \skip\footins=10.0pt plus 4.0pt minus 2.0pt
* \hoffset=0.0pt
* \voffset=0.0pt
* \mag=1000
* \@twocolumnfalse
* \@twosidefalse
* \@mparswitchfalse
* \@reversemarginfalse
* (1in=72.27pt=25.4mm, 1cm=28.453pt)

ABD: EveryShipout initializing macros
\c@lstlisting=\count349
 ("C:\Users\Carlos\AppData\Local\Programs\MiKTeX 2.9\tex/latex/translator\translator-basic-dictionary-English.dict"
Dictionary: translator-basic-dictionary, Language: English 
) ("C:\Users\Carlos\AppData\Local\Programs\MiKTeX 2.9\tex/latex/siunitx\siunitx-abbreviations.cfg"
File: siunitx-abbreviations.cfg 2017/11/26 v2.7k siunitx: Abbreviated units
)
Package pgfplots notification 'compat/show suggested version=true': you might benefit from \pgfplotsset{compat=1.16} (current compat level: 1.14).

LaTeX Font Info:    Try loading font information for FML+futmi on input line 4.
("C:\Users\Carlos\AppData\Local\Programs\MiKTeX 2.9\tex/latex/fourier\fmlfutmi.fd"
File: fmlfutmi.fd 2004/10/30 Fontinst v1.926 font definitions for FML/futmi.
)
LaTeX Font Info:    Font shape `FMX/futm/m/n' will be
(Font)              scaled to size 10.07397pt on input line 4.
LaTeX Font Info:    Font shape `FMX/futm/m/n' will be
(Font)              scaled to size 7.63599pt on input line 4.
LaTeX Font Info:    Font shape `FMX/futm/m/n' will be
(Font)              scaled to size 5.51999pt on input line 4.
LaTeX Font Info:    Font shape `U/futm/m/n' will be
(Font)              scaled to size 10.07397pt on input line 4.
LaTeX Font Info:    Font shape `U/futm/m/n' will be
(Font)              scaled to size 7.63599pt on input line 4.
LaTeX Font Info:    Font shape `U/futm/m/n' will be
(Font)              scaled to size 5.51999pt on input line 4.
LaTeX Font Info:    Try loading font information for U+msa on input line 4.
 ("C:\Users\Carlos\AppData\Local\Programs\MiKTeX 2.9\tex/latex/amsfonts\umsa.fd"
File: umsa.fd 2013/01/14 v3.01 AMS symbols A
) ("C:\Users\Carlos\AppData\Local\Programs\MiKTeX 2.9\tex/latex/microtype\mt-msa.cfg"
File: mt-msa.cfg 2006/02/04 v1.1 microtype config. file: AMS symbols (a) (RS)
)
LaTeX Font Info:    Try loading font information for U+msb on input line 4.
 ("C:\Users\Carlos\AppData\Local\Programs\MiKTeX 2.9\tex/latex/amsfonts\umsb.fd"
File: umsb.fd 2013/01/14 v3.01 AMS symbols B
) ("C:\Users\Carlos\AppData\Local\Programs\MiKTeX 2.9\tex/latex/microtype\mt-msb.cfg"
File: mt-msb.cfg 2005/06/01 v1.0 microtype config. file: AMS symbols (b) (RS)
)
LaTeX Font Info:    Try loading font information for OT1+lmss on input line 4.
 ("C:\Users\Carlos\AppData\Local\Programs\MiKTeX 2.9\tex/latex/lm\ot1lmss.fd"
File: ot1lmss.fd 2009/10/30 v1.6 Font defs for Latin Modern
)
Package microtype Info: Loading generic protrusion settings for font family
(microtype)             `lmss' (encoding: OT1).
(microtype)             For optimal results, create family-specific settings.
(microtype)             See the microtype manual for details.
LaTeX Font Info:    Try loading font information for OT1+lmtt on input line 4.
 ("C:\Users\Carlos\AppData\Local\Programs\MiKTeX 2.9\tex/latex/lm\ot1lmtt.fd"
File: ot1lmtt.fd 2009/10/30 v1.6 Font defs for Latin Modern
)
Package microtype Info: Loading generic protrusion settings for font family
(microtype)             `lmtt' (encoding: OT1).
(microtype)             For optimal results, create family-specific settings.
(microtype)             See the microtype manual for details.
LaTeX Font Info:    Try loading font information for T1+lmss on input line 19.
 ("C:\Users\Carlos\AppData\Local\Programs\MiKTeX 2.9\tex/latex/lm\t1lmss.fd"
File: t1lmss.fd 2009/10/30 v1.6 Font defs for Latin Modern
)
Package microtype Info: Loading generic protrusion settings for font family
(microtype)             `lmss' (encoding: T1).
(microtype)             For optimal results, create family-specific settings.
(microtype)             See the microtype manual for details.
LaTeX Font Info:    Try loading font information for OT1+bch on input line 19.
 ("C:\Users\Carlos\AppData\Local\Programs\MiKTeX 2.9\tex/latex/psnfss\ot1bch.fd"
File: ot1bch.fd 2004/10/18 font definitions for OT1/bch.
) ("C:\Users\Carlos\AppData\Local\Programs\MiKTeX 2.9\tex/latex/microtype\mt-bch.cfg"
File: mt-bch.cfg 2007/03/03 v1.5 microtype config. file: Bitstream Charter (RS)
)
LaTeX Font Info:    Try loading font information for TS1+futs on input line 19.
 ("C:\Users\Carlos\AppData\Local\Programs\MiKTeX 2.9\tex/latex/fourier\ts1futs.fd"
File: ts1futs.fd 2004/03/26 Fontinst v1.926 font definitions for TS1/futs.
)
Package microtype Info: Loading generic protrusion settings for font family
(microtype)             `futs' (encoding: TS1).
(microtype)             For optimal results, create family-specific settings.
(microtype)             See the microtype manual for details.
LaTeX Font Info:    Font shape `FMX/futm/m/n' will be
(Font)              scaled to size 13.24796pt on input line 19.
LaTeX Font Info:    Font shape `FMX/futm/m/n' will be
(Font)              scaled to size 9.19998pt on input line 19.
LaTeX Font Info:    Font shape `FMX/futm/m/n' will be
(Font)              scaled to size 7.35999pt on input line 19.
LaTeX Font Info:    Font shape `U/futm/m/n' will be
(Font)              scaled to size 13.24796pt on input line 19.
LaTeX Font Info:    Font shape `U/futm/m/n' will be
(Font)              scaled to size 9.19998pt on input line 19.
LaTeX Font Info:    Font shape `U/futm/m/n' will be
(Font)              scaled to size 7.35999pt on input line 19.
 [1


{C:/Users/Carlos/AppData/Local/MiKTeX/2.9/pdftex/config/pdftex.map}] (../EJ1/EJ1.tex

Class scrartcl Warning: incompatible usage of \@ssect detected.
(scrartcl)              You've used the KOMA-Script implementation of \@ssect
(scrartcl)              from within a non compatible caller, that does not
(scrartcl)              \scr@s@ct@@nn@m@ locally.
(scrartcl)              This could result in several error messages on input line 2.

) (../EJ2/EJ2.tex

Class scrartcl Warning: incompatible usage of \@ssect detected.
(scrartcl)              You've used the KOMA-Script implementation of \@ssect
(scrartcl)              from within a non compatible caller, that does not
(scrartcl)              \scr@s@ct@@nn@m@ locally.
(scrartcl)              This could result in several error messages on input line 2.

) (../EJ3/EJ3.tex

Class scrartcl Warning: incompatible usage of \@ssect detected.
(scrartcl)              You've used the KOMA-Script implementation of \@ssect
(scrartcl)              from within a non compatible caller, that does not
(scrartcl)              \scr@s@ct@@nn@m@ locally.
(scrartcl)              This could result in several error messages on input line 2.

) (../EJ4/EJ4.tex

Class scrartcl Warning: incompatible usage of \@ssect detected.
(scrartcl)              You've used the KOMA-Script implementation of \@ssect
(scrartcl)              from within a non compatible caller, that does not
(scrartcl)              \scr@s@ct@@nn@m@ locally.
(scrartcl)              This could result in several error messages on input line 2.

) (../EJ5/EJ5.tex

Class scrartcl Warning: incompatible usage of \@ssect detected.
(scrartcl)              You've used the KOMA-Script implementation of \@ssect
(scrartcl)              from within a non compatible caller, that does not
(scrartcl)              \scr@s@ct@@nn@m@ locally.
(scrartcl)              This could result in several error messages on input line 2.

) (../EJ6/EJ6.tex

Class scrartcl Warning: incompatible usage of \@ssect detected.
(scrartcl)              You've used the KOMA-Script implementation of \@ssect
(scrartcl)              from within a non compatible caller, that does not
(scrartcl)              \scr@s@ct@@nn@m@ locally.
(scrartcl)              This could result in several error messages on input line 2.

) [2] ("c:/Users\Carlos\Desktop\ITBA\3er año\1er cuatri\TC\TP2\Informe\TP2\Informe\Informe.aux"
LaTeX Info: Redefining \. on input line 7.
LaTeX Info: Redefining \% on input line 7.
) ) 
Here is how much of TeX's memory you used:
 54029 strings out of 492945
 1318787 string characters out of 3125808
 1709750 words of memory out of 3000000
 57103 multiletter control sequences out of 15000+200000
 670287 words of font info for 146 fonts, out of 3000000 for 9000
 1141 hyphenation exceptions out of 8191
 66i,11n,111p,9187b,609s stack positions out of 5000i,500n,10000p,200000b,50000s
{C:/Users/Carlos/AppData/Local/Programs/MiKTeX 2.9/fonts/enc/dvips/base/8r.enc}<C:/Users/Carlos/AppData/Local/Programs/MiKTeX 2.9/fonts/type1/adobe/utopia/putr8a.pfb>
Output written on "c:/Users\Carlos\Desktop\ITBA\3er año\1er cuatri\TC\TP2\Informe\TP2\Informe\Informe.pdf" (2 pages, 26693 bytes).
PDF statistics:
 41 PDF objects out of 1000 (max. 8388607)
 0 named destinations out of 1000 (max. 500000)
 34925 words of extra memory for PDF output out of 35830 (max. 10000000)

