Removed Pin From Net: NetName=Vout Pin=U?-1
Removed Pin From Net: NetName=NetJ1_2 Pin=U?-2
Removed Pin From Net: NetName=GND Pin=U?-3
Removed Pin From Net: NetName=GND Pin=U?-5
Removed Pin From Net: NetName=NetU?_8 Pin=U?-8
Removed Pin From Net: NetName=NetU?_8 Pin=U?-9
Removed Pin From Net: NetName=GND Pin=U?-10
Removed Pin From Net: NetName=Vg Pin=U?-12
Removed Pin From Net: NetName=NetRamp1_2 Pin=U?-13
Removed Pin From Net: NetName=Vamp Pin=U?-14
Added Pin To Net: NetName=Vamp Pin=U?-1
Added Pin To Net: NetName=NetRamp1_2 Pin=U?-2
Added Pin To Net: NetName=Vg Pin=U?-3
Added Pin To Net: NetName=GND Pin=U?-5
Added Pin To Net: NetName=NetJ1_2 Pin=U?-6
Added Pin To Net: NetName=Vout Pin=U?-7
Added Pin To Net: NetName=NetU?_8 Pin=U?-8
Added Pin To Net: NetName=NetU?_8 Pin=U?-9
Added Pin To Net: NetName=GND Pin=U?-10
Added Pin To Net: NetName=GND Pin=U?-12
Added Pin To Net: NetName=NetU?_13 Pin=U?-13
Added Pin To Net: NetName=NetU?_13 Pin=U?-14
Added Net: Name=NetU?_13
Added Member To Class: ClassName=TP2_EJ1_CIRCUIT1_PCB Member=Component U? LM324N
Added Member To Class: ClassName=TP2_EJ1_CIRCUIT1_PCB Member=Component U? LM324N
Added Member To Class: ClassName=TP2_EJ1_CIRCUIT1_PCB Member=Component U? LM324N
Added Room: Name=TP2_EJ1_CIRCUIT1_PCB
