Removed Pin From Net: NetName=Vamp Pin=U?-1
Removed Pin From Net: NetName=NetRamp1_2 Pin=U?-2
Removed Pin From Net: NetName=Vg Pin=U?-3
Removed Pin From Net: NetName=+Vcc Pin=U?-4
Removed Pin From Net: NetName=+Vcc Pin=U?-4
Removed Pin From Net: NetName=+Vcc Pin=U?-4
Removed Pin From Net: NetName=GND Pin=U?-5
Removed Pin From Net: NetName=NetJ1_2 Pin=U?-6
Removed Pin From Net: NetName=Vout Pin=U?-7
Removed Pin From Net: NetName=GND Pin=U?-10
Removed Pin From Net: NetName=-Vcc Pin=U?-11
Removed Pin From Net: NetName=-Vcc Pin=U?-11
Removed Pin From Net: NetName=-Vcc Pin=U?-11
Change Component Designator: OldDesignator=U? NewDesignator=U1
Added Pin To Net: NetName=Vamp Pin=U1-1
Added Pin To Net: NetName=NetRamp1_2 Pin=U1-2
Added Pin To Net: NetName=Vg Pin=U1-3
Added Pin To Net: NetName=GND Pin=U1-5
Added Pin To Net: NetName=NetJ1_2 Pin=U1-6
Added Pin To Net: NetName=Vout Pin=U1-7
Added Pin To Net: NetName=GND Pin=U1-10
Change Net Name : Old Net Name=NetU?_13 New Net Name=NetU1_13
Added Pin To Net: NetName=NetU1_8 Pin=U1-8
Added Pin To Net: NetName=NetU1_8 Pin=U1-9
Added Net: Name=NetU1_8
Added Room: Name=TP2_EJ1_CIRCUIT1_PCB
