Added Component: Designator=C1(0805)
Add component. Clean all parameters for all variants
Added Component: Designator=C2(0805)
Add component. Clean all parameters for all variants
Added Component: Designator=J1(BORNERA3)
Add component. Clean all parameters for all variants
Added Component: Designator=Pin(HDR1X4)
Add component. Clean all parameters for all variants
Add component (AddParameter): Name = "LatestRevisionDate"; Value = "17-Jul-2002"; VariantName = "[No Variations]"
Add component (AddParameter): Name = "LatestRevisionNote"; Value = "Re-released for DXP Platform."; VariantName = "[No Variations]"
Add component (AddParameter): Name = "Publisher"; Value = "Altium Limited"; VariantName = "[No Variations]"
Added Component: Designator=Pout(HDR1X4)
Add component. Clean all parameters for all variants
Add component (AddParameter): Name = "LatestRevisionDate"; Value = "17-Jul-2002"; VariantName = "[No Variations]"
Add component (AddParameter): Name = "LatestRevisionNote"; Value = "Re-released for DXP Platform."; VariantName = "[No Variations]"
Add component (AddParameter): Name = "Publisher"; Value = "Altium Limited"; VariantName = "[No Variations]"
Added Component: Designator=R1(0805)
Add component. Clean all parameters for all variants
Added Component: Designator=R2(0805)
Add component. Clean all parameters for all variants
Added Component: Designator=R3(0805)
Add component. Clean all parameters for all variants
Added Component: Designator=U1(DIP8)
Add component. Clean all parameters for all variants
Added Component: Designator=U2(DIP8)
Add component. Clean all parameters for all variants
Added Pin To Net: NetName=+Vcc Pin=C1-1
Added Pin To Net: NetName=+Vcc Pin=J1-1
Added Pin To Net: NetName=+Vcc Pin=U1-8
Added Pin To Net: NetName=+Vcc Pin=U2-8
Added Net: Name=+Vcc
Added Pin To Net: NetName=-Vcc Pin=C2-2
Added Pin To Net: NetName=-Vcc Pin=J1-3
Added Pin To Net: NetName=-Vcc Pin=U1-4
Added Pin To Net: NetName=-Vcc Pin=U2-4
Added Net: Name=-Vcc
Added Pin To Net: NetName=GND Pin=C1-2
Added Pin To Net: NetName=GND Pin=C2-1
Added Pin To Net: NetName=GND Pin=Pin-4
Added Pin To Net: NetName=GND Pin=Pout-4
Added Pin To Net: NetName=GND Pin=R1-1
Added Pin To Net: NetName=GND Pin=U2-2
Added Net: Name=GND
Added Pin To Net: NetName=NetPin_1 Pin=Pin-1
Added Pin To Net: NetName=NetPin_1 Pin=R3-1
Added Net: Name=NetPin_1
Added Pin To Net: NetName=NetPout_1 Pin=Pout-1
Added Pin To Net: NetName=NetPout_1 Pin=R2-2
Added Pin To Net: NetName=NetPout_1 Pin=U1-1
Added Net: Name=NetPout_1
Added Pin To Net: NetName=NetR1_2 Pin=R1-2
Added Pin To Net: NetName=NetR1_2 Pin=R2-1
Added Pin To Net: NetName=NetR1_2 Pin=U1-2
Added Net: Name=NetR1_2
Added Pin To Net: NetName=NetR3_2 Pin=R3-2
Added Pin To Net: NetName=NetR3_2 Pin=U1-3
Added Net: Name=NetR3_2
Added Pin To Net: NetName=NetU2_1 Pin=U2-1
Added Pin To Net: NetName=NetU2_1 Pin=U2-3
Added Net: Name=NetU2_1
Added Class: Name=Sheet1
Added Room: Name=Sheet1
